2022-04-11 17:38:09.622 INFO  org.hibernate.validator.internal.util.Version     :21   [32m                  [0;39m HV000001: Hibernate Validator 6.1.6.Final
2022-04-11 17:38:09.628 INFO  com.ameliawiki.wiki.config.WikiApplication        :55   [32m                  [0;39m Starting WikiApplication using Java 17.0.2 on Alexs-MacBook-Pro.local with PID 897 (/Users/alex/IdeaProjects/wiki/target/classes started by alex in /Users/alex/IdeaProjects/wiki)
2022-04-11 17:38:09.629 INFO  com.ameliawiki.wiki.config.WikiApplication        :660  [32m                  [0;39m No active profile set, falling back to default profiles: default
2022-04-11 17:38:09.665 INFO  o.s.b.d.env.DevToolsPropertyDefaultsPostProcessor :255  [32m                  [0;39m Devtools property defaults active! Set 'spring.devtools.add-properties' to 'false' to disable
2022-04-11 17:38:09.665 INFO  o.s.b.d.env.DevToolsPropertyDefaultsPostProcessor :255  [32m                  [0;39m For additional web related logging consider setting the 'logging.level.web' property to 'DEBUG'
2022-04-11 17:38:10.355 INFO  o.s.d.r.config.RepositoryConfigurationDelegate    :250  [32m                  [0;39m Multiple Spring Data modules found, entering strict repository configuration mode!
2022-04-11 17:38:10.358 INFO  o.s.d.r.config.RepositoryConfigurationDelegate    :128  [32m                  [0;39m Bootstrapping Spring Data Redis repositories in DEFAULT mode.
2022-04-11 17:38:10.384 INFO  o.s.d.r.config.RepositoryConfigurationDelegate    :188  [32m                  [0;39m Finished Spring Data repository scanning in 6 ms. Found 0 Redis repository interfaces.
2022-04-11 17:38:11.057 INFO  o.s.boot.web.embedded.tomcat.TomcatWebServer      :108  [32m                  [0;39m Tomcat initialized with port(s): 8080 (http)
2022-04-11 17:38:11.067 INFO  org.apache.coyote.http11.Http11NioProtocol        :173  [32m                  [0;39m Initializing ProtocolHandler ["http-nio-8080"]
2022-04-11 17:38:11.068 INFO  org.apache.catalina.core.StandardService          :173  [32m                  [0;39m Starting service [Tomcat]
2022-04-11 17:38:11.069 INFO  org.apache.catalina.core.StandardEngine           :173  [32m                  [0;39m Starting Servlet engine: [Apache Tomcat/9.0.39]
2022-04-11 17:38:11.120 INFO  o.a.c.core.ContainerBase.[Tomcat].[localhost].[/] :173  [32m                  [0;39m Initializing Spring embedded WebApplicationContext
2022-04-11 17:38:11.121 INFO  o.s.b.w.s.c.ServletWebServerApplicationContext    :289  [32m                  [0;39m Root WebApplicationContext: initialization completed in 1455 ms
2022-04-11 17:38:11.961 INFO  o.s.scheduling.concurrent.ThreadPoolTaskExecutor  :181  [32m                  [0;39m Initializing ExecutorService 'applicationTaskExecutor'
2022-04-11 17:38:12.392 INFO  o.s.b.d.autoconfigure.OptionalLiveReloadServer    :58   [32m                  [0;39m LiveReload server is running on port 35729
2022-04-11 17:38:12.403 INFO  org.apache.coyote.http11.Http11NioProtocol        :173  [32m                  [0;39m Starting ProtocolHandler ["http-nio-8080"]
2022-04-11 17:38:12.414 INFO  o.s.boot.web.embedded.tomcat.TomcatWebServer      :220  [32m                  [0;39m Tomcat started on port(s): 8080 (http) with context path ''
2022-04-11 17:38:12.423 INFO  com.ameliawiki.wiki.config.WikiApplication        :61   [32m                  [0;39m Started WikiApplication in 8.254 seconds (JVM running for 8.801)
2022-04-11 17:38:12.425 INFO  com.ameliawiki.wiki.config.WikiApplication        :22   [32m                  [0;39m launch success!!!!!!!!YEA!!!
2022-04-11 17:38:12.426 INFO  com.ameliawiki.wiki.config.WikiApplication        :23   [32m                  [0;39m address: 	http://127.0.0.1:8080
2022-04-11 17:38:40.904 INFO  o.a.c.core.ContainerBase.[Tomcat].[localhost].[/] :173  [32m                  [0;39m Initializing Spring DispatcherServlet 'dispatcherServlet'
2022-04-11 17:38:40.904 INFO  org.springframework.web.servlet.DispatcherServlet :525  [32m                  [0;39m Initializing Servlet 'dispatcherServlet'
2022-04-11 17:38:40.907 INFO  org.springframework.web.servlet.DispatcherServlet :547  [32m                  [0;39m Completed initialization in 2 ms
2022-04-11 17:38:40.959 INFO  com.ameliawiki.wiki.aspect.LogAspect              :41   [32m                  [0;39m ------------- å¼€å§‹ -------------
2022-04-11 17:38:40.960 INFO  com.ameliawiki.wiki.aspect.LogAspect              :42   [32m                  [0;39m è¯·æ±‚åœ°å€: http://127.0.0.1:8080/category/all GET
2022-04-11 17:38:40.960 INFO  com.ameliawiki.wiki.aspect.LogAspect              :43   [32m                  [0;39m ç±»åæ–¹æ³•: com.ameliawiki.wiki.controller.CategoryController.all
2022-04-11 17:38:40.960 INFO  com.ameliawiki.wiki.aspect.LogAspect              :44   [32m                  [0;39m è¿œç¨‹åœ°å€: 127.0.0.1
2022-04-11 17:38:41.015 INFO  com.ameliawiki.wiki.aspect.LogAspect              :64   [32m                  [0;39m è¯·æ±‚å‚æ•°: []
2022-04-11 17:38:41.100 INFO  com.zaxxer.hikari.HikariDataSource                :110  [32m                  [0;39m HikariPool-1 - Starting...
2022-04-11 17:38:41.965 INFO  com.zaxxer.hikari.HikariDataSource                :123  [32m                  [0;39m HikariPool-1 - Start completed.
2022-04-11 17:38:41.975 DEBUG c.a.wiki.mapper.CategoryMapper.selectByExample    :137  [32m                  [0;39m ==>  Preparing: select id, parent, `name`, sort from category order by sort asc
2022-04-11 17:38:41.995 DEBUG c.a.wiki.mapper.CategoryMapper.selectByExample    :137  [32m                  [0;39m ==> Parameters: 
2022-04-11 17:38:42.041 TRACE c.a.wiki.mapper.CategoryMapper.selectByExample    :143  [32m                  [0;39m <==    Columns: id, parent, name, sort
2022-04-11 17:38:42.042 TRACE c.a.wiki.mapper.CategoryMapper.selectByExample    :143  [32m                  [0;39m <==        Row: 100, 0, Front end development, 100
2022-04-11 17:38:42.044 TRACE c.a.wiki.mapper.CategoryMapper.selectByExample    :143  [32m                  [0;39m <==        Row: 101, 100, Vue, 101
2022-04-11 17:38:42.044 TRACE c.a.wiki.mapper.CategoryMapper.selectByExample    :143  [32m                  [0;39m <==        Row: 102, 100, HTML & CSS, 102
2022-04-11 17:38:42.044 TRACE c.a.wiki.mapper.CategoryMapper.selectByExample    :143  [32m                  [0;39m <==        Row: 200, 0, Java, 200
2022-04-11 17:38:42.045 TRACE c.a.wiki.mapper.CategoryMapper.selectByExample    :143  [32m                  [0;39m <==        Row: 201, 200, Basics, 201
2022-04-11 17:38:42.045 TRACE c.a.wiki.mapper.CategoryMapper.selectByExample    :143  [32m                  [0;39m <==        Row: 202, 200, Frameworks, 202
2022-04-11 17:38:42.045 TRACE c.a.wiki.mapper.CategoryMapper.selectByExample    :143  [32m                  [0;39m <==        Row: 300, 0, Python, 300
2022-04-11 17:38:42.046 TRACE c.a.wiki.mapper.CategoryMapper.selectByExample    :143  [32m                  [0;39m <==        Row: 301, 300, Basic application, 301
2022-04-11 17:38:42.046 TRACE c.a.wiki.mapper.CategoryMapper.selectByExample    :143  [32m                  [0;39m <==        Row: 302, 300, Advanced application, 302
2022-04-11 17:38:42.047 TRACE c.a.wiki.mapper.CategoryMapper.selectByExample    :143  [32m                  [0;39m <==        Row: 400, 0, Database, 400
2022-04-11 17:38:42.047 TRACE c.a.wiki.mapper.CategoryMapper.selectByExample    :143  [32m                  [0;39m <==        Row: 401, 400, MySQL, 401
2022-04-11 17:38:42.048 TRACE c.a.wiki.mapper.CategoryMapper.selectByExample    :143  [32m                  [0;39m <==        Row: 500, 0, Others, 500
2022-04-11 17:38:42.048 TRACE c.a.wiki.mapper.CategoryMapper.selectByExample    :143  [32m                  [0;39m <==        Row: 501, 500, Servers, 501
2022-04-11 17:38:42.049 TRACE c.a.wiki.mapper.CategoryMapper.selectByExample    :143  [32m                  [0;39m <==        Row: 502, 500, Tools, 502
2022-04-11 17:38:42.049 TRACE c.a.wiki.mapper.CategoryMapper.selectByExample    :143  [32m                  [0;39m <==        Row: 503, 500, Languages, 503
2022-04-11 17:38:42.049 DEBUG c.a.wiki.mapper.CategoryMapper.selectByExample    :137  [32m                  [0;39m <==      Total: 15
2022-04-11 17:38:42.076 INFO  com.ameliawiki.wiki.aspect.LogAspect              :77   [32m                  [0;39m è¿”å›žç»“æžœ: {"content":[{"id":100,"name":"Front end development","parent":0,"sort":100},{"id":101,"name":"Vue","parent":100,"sort":101},{"id":102,"name":"HTML & CSS","parent":100,"sort":102},{"id":200,"name":"Java","parent":0,"sort":200},{"id":201,"name":"Basics","parent":200,"sort":201},{"id":202,"name":"Frameworks","parent":200,"sort":202},{"id":300,"name":"Python","parent":0,"sort":300},{"id":301,"name":"Basic application","parent":300,"sort":301},{"id":302,"name":"Advanced application","parent":300,"sort":302},{"id":400,"name":"Database","parent":0,"sort":400},{"id":401,"name":"MySQL","parent":400,"sort":401},{"id":500,"name":"Others","parent":0,"sort":500},{"id":501,"name":"Servers","parent":500,"sort":501},{"id":502,"name":"Tools","parent":500,"sort":502},{"id":503,"name":"Languages","parent":500,"sort":503}],"success":true}
2022-04-11 17:38:42.076 INFO  com.ameliawiki.wiki.aspect.LogAspect              :78   [32m                  [0;39m ------------- ç»“æŸ è€—æ—¶ï¼š1119 ms -------------
2022-04-11 17:38:44.375 INFO  com.ameliawiki.wiki.aspect.LogAspect              :41   [32m                  [0;39m ------------- å¼€å§‹ -------------
2022-04-11 17:38:44.376 INFO  com.ameliawiki.wiki.aspect.LogAspect              :42   [32m                  [0;39m è¯·æ±‚åœ°å€: http://127.0.0.1:8080/ebook/list GET
2022-04-11 17:38:44.376 INFO  com.ameliawiki.wiki.aspect.LogAspect              :43   [32m                  [0;39m ç±»åæ–¹æ³•: com.ameliawiki.wiki.controller.EbookController.list
2022-04-11 17:38:44.376 INFO  com.ameliawiki.wiki.aspect.LogAspect              :44   [32m                  [0;39m è¿œç¨‹åœ°å€: 127.0.0.1
2022-04-11 17:38:44.379 INFO  com.ameliawiki.wiki.aspect.LogAspect              :64   [32m                  [0;39m è¯·æ±‚å‚æ•°: [{"categoryId2":202,"page":1,"size":1000}]
2022-04-11 17:38:44.413 DEBUG c.a.wiki.mapper.EbookMapper.selectByExample_COUNT :137  [32m                  [0;39m ==>  Preparing: SELECT count(0) FROM ebook WHERE (category2_id = ?)
2022-04-11 17:38:44.414 DEBUG c.a.wiki.mapper.EbookMapper.selectByExample_COUNT :137  [32m                  [0;39m ==> Parameters: 202(Long)
2022-04-11 17:38:44.421 TRACE c.a.wiki.mapper.EbookMapper.selectByExample_COUNT :143  [32m                  [0;39m <==    Columns: count(0)
2022-04-11 17:38:44.422 TRACE c.a.wiki.mapper.EbookMapper.selectByExample_COUNT :143  [32m                  [0;39m <==        Row: 1
2022-04-11 17:38:44.423 DEBUG c.a.wiki.mapper.EbookMapper.selectByExample_COUNT :137  [32m                  [0;39m <==      Total: 1
2022-04-11 17:38:44.424 DEBUG c.a.wiki.mapper.EbookMapper.selectByExample       :137  [32m                  [0;39m ==>  Preparing: select id, `name`, category1_id, category2_id, description, cover, doc_count, view_count, vote_count from ebook WHERE ( category2_id = ? ) LIMIT ?
2022-04-11 17:38:44.425 DEBUG c.a.wiki.mapper.EbookMapper.selectByExample       :137  [32m                  [0;39m ==> Parameters: 202(Long), 1000(Integer)
2022-04-11 17:38:44.426 TRACE c.a.wiki.mapper.EbookMapper.selectByExample       :143  [32m                  [0;39m <==    Columns: id, name, category1_id, category2_id, description, cover, doc_count, view_count, vote_count
2022-04-11 17:38:44.426 TRACE c.a.wiki.mapper.EbookMapper.selectByExample       :143  [32m                  [0;39m <==        Row: 1, SpringBoot Tutorial, 200, 202, Introduce how to create a SpringBoot project, /image/cover1.png, null, null, null
2022-04-11 17:38:44.427 DEBUG c.a.wiki.mapper.EbookMapper.selectByExample       :137  [32m                  [0;39m <==      Total: 1
2022-04-11 17:38:44.429 INFO  com.ameliawiki.wiki.service.EbookService          :46   [32m                  [0;39m total rowsï¼š1
2022-04-11 17:38:44.429 INFO  com.ameliawiki.wiki.service.EbookService          :47   [32m                  [0;39m total pagesï¼š1
2022-04-11 17:38:44.442 INFO  com.ameliawiki.wiki.aspect.LogAspect              :77   [32m                  [0;39m è¿”å›žç»“æžœ: {"content":{"list":[{"category1Id":200,"category2Id":202,"cover":"/image/cover1.png","description":"Introduce how to create a SpringBoot project","id":1,"name":"SpringBoot Tutorial"}],"total":1},"success":true}
2022-04-11 17:38:44.443 INFO  com.ameliawiki.wiki.aspect.LogAspect              :78   [32m                  [0;39m ------------- ç»“æŸ è€—æ—¶ï¼š68 ms -------------
2022-04-11 17:38:47.251 INFO  com.ameliawiki.wiki.aspect.LogAspect              :41   [32m                  [0;39m ------------- å¼€å§‹ -------------
2022-04-11 17:38:47.251 INFO  com.ameliawiki.wiki.aspect.LogAspect              :42   [32m                  [0;39m è¯·æ±‚åœ°å€: http://127.0.0.1:8080/ebook/list GET
2022-04-11 17:38:47.252 INFO  com.ameliawiki.wiki.aspect.LogAspect              :43   [32m                  [0;39m ç±»åæ–¹æ³•: com.ameliawiki.wiki.controller.EbookController.list
2022-04-11 17:38:47.252 INFO  com.ameliawiki.wiki.aspect.LogAspect              :44   [32m                  [0;39m è¿œç¨‹åœ°å€: 127.0.0.1
2022-04-11 17:38:47.252 INFO  com.ameliawiki.wiki.aspect.LogAspect              :64   [32m                  [0;39m è¯·æ±‚å‚æ•°: [{"categoryId2":102,"page":1,"size":1000}]
2022-04-11 17:38:47.254 DEBUG c.a.wiki.mapper.EbookMapper.selectByExample_COUNT :137  [32m                  [0;39m ==>  Preparing: SELECT count(0) FROM ebook WHERE (category2_id = ?)
2022-04-11 17:38:47.255 DEBUG c.a.wiki.mapper.EbookMapper.selectByExample_COUNT :137  [32m                  [0;39m ==> Parameters: 102(Long)
2022-04-11 17:38:47.260 TRACE c.a.wiki.mapper.EbookMapper.selectByExample_COUNT :143  [32m                  [0;39m <==    Columns: count(0)
2022-04-11 17:38:47.261 TRACE c.a.wiki.mapper.EbookMapper.selectByExample_COUNT :143  [32m                  [0;39m <==        Row: 0
2022-04-11 17:38:47.261 DEBUG c.a.wiki.mapper.EbookMapper.selectByExample_COUNT :137  [32m                  [0;39m <==      Total: 1
2022-04-11 17:38:47.262 INFO  com.ameliawiki.wiki.service.EbookService          :46   [32m                  [0;39m total rowsï¼š0
2022-04-11 17:38:47.262 INFO  com.ameliawiki.wiki.service.EbookService          :47   [32m                  [0;39m total pagesï¼š0
2022-04-11 17:38:47.262 INFO  com.ameliawiki.wiki.aspect.LogAspect              :77   [32m                  [0;39m è¿”å›žç»“æžœ: {"content":{"list":[],"total":0},"success":true}
2022-04-11 17:38:47.262 INFO  com.ameliawiki.wiki.aspect.LogAspect              :78   [32m                  [0;39m ------------- ç»“æŸ è€—æ—¶ï¼š11 ms -------------
2022-04-11 17:38:48.013 INFO  com.ameliawiki.wiki.aspect.LogAspect              :41   [32m                  [0;39m ------------- å¼€å§‹ -------------
2022-04-11 17:38:48.013 INFO  com.ameliawiki.wiki.aspect.LogAspect              :42   [32m                  [0;39m è¯·æ±‚åœ°å€: http://127.0.0.1:8080/ebook/list GET
2022-04-11 17:38:48.013 INFO  com.ameliawiki.wiki.aspect.LogAspect              :43   [32m                  [0;39m ç±»åæ–¹æ³•: com.ameliawiki.wiki.controller.EbookController.list
2022-04-11 17:38:48.013 INFO  com.ameliawiki.wiki.aspect.LogAspect              :44   [32m                  [0;39m è¿œç¨‹åœ°å€: 127.0.0.1
2022-04-11 17:38:48.014 INFO  com.ameliawiki.wiki.aspect.LogAspect              :64   [32m                  [0;39m è¯·æ±‚å‚æ•°: [{"categoryId2":101,"page":1,"size":1000}]
2022-04-11 17:38:48.016 DEBUG c.a.wiki.mapper.EbookMapper.selectByExample_COUNT :137  [32m                  [0;39m ==>  Preparing: SELECT count(0) FROM ebook WHERE (category2_id = ?)
2022-04-11 17:38:48.017 DEBUG c.a.wiki.mapper.EbookMapper.selectByExample_COUNT :137  [32m                  [0;39m ==> Parameters: 101(Long)
2022-04-11 17:38:48.018 TRACE c.a.wiki.mapper.EbookMapper.selectByExample_COUNT :143  [32m                  [0;39m <==    Columns: count(0)
2022-04-11 17:38:48.018 TRACE c.a.wiki.mapper.EbookMapper.selectByExample_COUNT :143  [32m                  [0;39m <==        Row: 1
2022-04-11 17:38:48.018 DEBUG c.a.wiki.mapper.EbookMapper.selectByExample_COUNT :137  [32m                  [0;39m <==      Total: 1
2022-04-11 17:38:48.019 DEBUG c.a.wiki.mapper.EbookMapper.selectByExample       :137  [32m                  [0;39m ==>  Preparing: select id, `name`, category1_id, category2_id, description, cover, doc_count, view_count, vote_count from ebook WHERE ( category2_id = ? ) LIMIT ?
2022-04-11 17:38:48.019 DEBUG c.a.wiki.mapper.EbookMapper.selectByExample       :137  [32m                  [0;39m ==> Parameters: 101(Long), 1000(Integer)
2022-04-11 17:38:48.029 TRACE c.a.wiki.mapper.EbookMapper.selectByExample       :143  [32m                  [0;39m <==    Columns: id, name, category1_id, category2_id, description, cover, doc_count, view_count, vote_count
2022-04-11 17:38:48.029 TRACE c.a.wiki.mapper.EbookMapper.selectByExample       :143  [32m                  [0;39m <==        Row: 2, Vue Tutorial, 100, 101, Introduce how to build front end with Vue, /image/cover2.png, null, null, null
2022-04-11 17:38:48.030 DEBUG c.a.wiki.mapper.EbookMapper.selectByExample       :137  [32m                  [0;39m <==      Total: 1
2022-04-11 17:38:48.030 INFO  com.ameliawiki.wiki.service.EbookService          :46   [32m                  [0;39m total rowsï¼š1
2022-04-11 17:38:48.030 INFO  com.ameliawiki.wiki.service.EbookService          :47   [32m                  [0;39m total pagesï¼š1
2022-04-11 17:38:48.031 INFO  com.ameliawiki.wiki.aspect.LogAspect              :77   [32m                  [0;39m è¿”å›žç»“æžœ: {"content":{"list":[{"category1Id":100,"category2Id":101,"cover":"/image/cover2.png","description":"Introduce how to build front end with Vue","id":2,"name":"Vue Tutorial"}],"total":1},"success":true}
2022-04-11 17:38:48.031 INFO  com.ameliawiki.wiki.aspect.LogAspect              :78   [32m                  [0;39m ------------- ç»“æŸ è€—æ—¶ï¼š18 ms -------------
2022-04-11 17:39:29.718 INFO  com.ameliawiki.wiki.aspect.LogAspect              :41   [32m                  [0;39m ------------- å¼€å§‹ -------------
2022-04-11 17:39:29.719 INFO  com.ameliawiki.wiki.aspect.LogAspect              :42   [32m                  [0;39m è¯·æ±‚åœ°å€: http://127.0.0.1:8080/ebook/list GET
2022-04-11 17:39:29.719 INFO  com.ameliawiki.wiki.aspect.LogAspect              :43   [32m                  [0;39m ç±»åæ–¹æ³•: com.ameliawiki.wiki.controller.EbookController.list
2022-04-11 17:39:29.719 INFO  com.ameliawiki.wiki.aspect.LogAspect              :44   [32m                  [0;39m è¿œç¨‹åœ°å€: 127.0.0.1
2022-04-11 17:39:29.720 INFO  com.ameliawiki.wiki.aspect.LogAspect              :64   [32m                  [0;39m è¯·æ±‚å‚æ•°: [{"categoryId2":202,"page":1,"size":1000}]
2022-04-11 17:39:29.722 DEBUG c.a.wiki.mapper.EbookMapper.selectByExample_COUNT :137  [32m                  [0;39m ==>  Preparing: SELECT count(0) FROM ebook WHERE (category2_id = ?)
2022-04-11 17:39:29.723 DEBUG c.a.wiki.mapper.EbookMapper.selectByExample_COUNT :137  [32m                  [0;39m ==> Parameters: 202(Long)
2022-04-11 17:39:29.724 TRACE c.a.wiki.mapper.EbookMapper.selectByExample_COUNT :143  [32m                  [0;39m <==    Columns: count(0)
2022-04-11 17:39:29.724 TRACE c.a.wiki.mapper.EbookMapper.selectByExample_COUNT :143  [32m                  [0;39m <==        Row: 1
2022-04-11 17:39:29.724 DEBUG c.a.wiki.mapper.EbookMapper.selectByExample_COUNT :137  [32m                  [0;39m <==      Total: 1
2022-04-11 17:39:29.724 DEBUG c.a.wiki.mapper.EbookMapper.selectByExample       :137  [32m                  [0;39m ==>  Preparing: select id, `name`, category1_id, category2_id, description, cover, doc_count, view_count, vote_count from ebook WHERE ( category2_id = ? ) LIMIT ?
2022-04-11 17:39:29.725 DEBUG c.a.wiki.mapper.EbookMapper.selectByExample       :137  [32m                  [0;39m ==> Parameters: 202(Long), 1000(Integer)
2022-04-11 17:39:29.725 TRACE c.a.wiki.mapper.EbookMapper.selectByExample       :143  [32m                  [0;39m <==    Columns: id, name, category1_id, category2_id, description, cover, doc_count, view_count, vote_count
2022-04-11 17:39:29.725 TRACE c.a.wiki.mapper.EbookMapper.selectByExample       :143  [32m                  [0;39m <==        Row: 1, SpringBoot Tutorial, 200, 202, Introduce how to create a SpringBoot project, /image/cover1.png, null, null, null
2022-04-11 17:39:29.726 DEBUG c.a.wiki.mapper.EbookMapper.selectByExample       :137  [32m                  [0;39m <==      Total: 1
2022-04-11 17:39:29.726 INFO  com.ameliawiki.wiki.service.EbookService          :46   [32m                  [0;39m total rowsï¼š1
2022-04-11 17:39:29.726 INFO  com.ameliawiki.wiki.service.EbookService          :47   [32m                  [0;39m total pagesï¼š1
2022-04-11 17:39:29.726 INFO  com.ameliawiki.wiki.aspect.LogAspect              :77   [32m                  [0;39m è¿”å›žç»“æžœ: {"content":{"list":[{"category1Id":200,"category2Id":202,"cover":"/image/cover1.png","description":"Introduce how to create a SpringBoot project","id":1,"name":"SpringBoot Tutorial"}],"total":1},"success":true}
2022-04-11 17:39:29.727 INFO  com.ameliawiki.wiki.aspect.LogAspect              :78   [32m                  [0;39m ------------- ç»“æŸ è€—æ—¶ï¼š9 ms -------------
2022-04-11 17:39:30.179 INFO  com.ameliawiki.wiki.aspect.LogAspect              :41   [32m                  [0;39m ------------- å¼€å§‹ -------------
2022-04-11 17:39:30.179 INFO  com.ameliawiki.wiki.aspect.LogAspect              :42   [32m                  [0;39m è¯·æ±‚åœ°å€: http://127.0.0.1:8080/ebook/list GET
2022-04-11 17:39:30.180 INFO  com.ameliawiki.wiki.aspect.LogAspect              :43   [32m                  [0;39m ç±»åæ–¹æ³•: com.ameliawiki.wiki.controller.EbookController.list
2022-04-11 17:39:30.180 INFO  com.ameliawiki.wiki.aspect.LogAspect              :44   [32m                  [0;39m è¿œç¨‹åœ°å€: 127.0.0.1
2022-04-11 17:39:30.180 INFO  com.ameliawiki.wiki.aspect.LogAspect              :64   [32m                  [0;39m è¯·æ±‚å‚æ•°: [{"categoryId2":201,"page":1,"size":1000}]
2022-04-11 17:39:30.183 DEBUG c.a.wiki.mapper.EbookMapper.selectByExample_COUNT :137  [32m                  [0;39m ==>  Preparing: SELECT count(0) FROM ebook WHERE (category2_id = ?)
2022-04-11 17:39:30.183 DEBUG c.a.wiki.mapper.EbookMapper.selectByExample_COUNT :137  [32m                  [0;39m ==> Parameters: 201(Long)
2022-04-11 17:39:30.191 TRACE c.a.wiki.mapper.EbookMapper.selectByExample_COUNT :143  [32m                  [0;39m <==    Columns: count(0)
2022-04-11 17:39:30.191 TRACE c.a.wiki.mapper.EbookMapper.selectByExample_COUNT :143  [32m                  [0;39m <==        Row: 0
2022-04-11 17:39:30.192 DEBUG c.a.wiki.mapper.EbookMapper.selectByExample_COUNT :137  [32m                  [0;39m <==      Total: 1
2022-04-11 17:39:30.192 INFO  com.ameliawiki.wiki.service.EbookService          :46   [32m                  [0;39m total rowsï¼š0
2022-04-11 17:39:30.192 INFO  com.ameliawiki.wiki.service.EbookService          :47   [32m                  [0;39m total pagesï¼š0
2022-04-11 17:39:30.192 INFO  com.ameliawiki.wiki.aspect.LogAspect              :77   [32m                  [0;39m è¿”å›žç»“æžœ: {"content":{"list":[],"total":0},"success":true}
2022-04-11 17:39:30.192 INFO  com.ameliawiki.wiki.aspect.LogAspect              :78   [32m                  [0;39m ------------- ç»“æŸ è€—æ—¶ï¼š13 ms -------------
2022-04-11 17:39:31.921 INFO  com.ameliawiki.wiki.aspect.LogAspect              :41   [32m                  [0;39m ------------- å¼€å§‹ -------------
2022-04-11 17:39:31.922 INFO  com.ameliawiki.wiki.aspect.LogAspect              :42   [32m                  [0;39m è¯·æ±‚åœ°å€: http://127.0.0.1:8080/ebook/list GET
2022-04-11 17:39:31.922 INFO  com.ameliawiki.wiki.aspect.LogAspect              :43   [32m                  [0;39m ç±»åæ–¹æ³•: com.ameliawiki.wiki.controller.EbookController.list
2022-04-11 17:39:31.922 INFO  com.ameliawiki.wiki.aspect.LogAspect              :44   [32m                  [0;39m è¿œç¨‹åœ°å€: 127.0.0.1
2022-04-11 17:39:31.922 INFO  com.ameliawiki.wiki.aspect.LogAspect              :64   [32m                  [0;39m è¯·æ±‚å‚æ•°: [{"categoryId2":401,"page":1,"size":1000}]
2022-04-11 17:39:31.924 DEBUG c.a.wiki.mapper.EbookMapper.selectByExample_COUNT :137  [32m                  [0;39m ==>  Preparing: SELECT count(0) FROM ebook WHERE (category2_id = ?)
2022-04-11 17:39:31.924 DEBUG c.a.wiki.mapper.EbookMapper.selectByExample_COUNT :137  [32m                  [0;39m ==> Parameters: 401(Long)
2022-04-11 17:39:31.926 TRACE c.a.wiki.mapper.EbookMapper.selectByExample_COUNT :143  [32m                  [0;39m <==    Columns: count(0)
2022-04-11 17:39:31.926 TRACE c.a.wiki.mapper.EbookMapper.selectByExample_COUNT :143  [32m                  [0;39m <==        Row: 1
2022-04-11 17:39:31.926 DEBUG c.a.wiki.mapper.EbookMapper.selectByExample_COUNT :137  [32m                  [0;39m <==      Total: 1
2022-04-11 17:39:31.926 DEBUG c.a.wiki.mapper.EbookMapper.selectByExample       :137  [32m                  [0;39m ==>  Preparing: select id, `name`, category1_id, category2_id, description, cover, doc_count, view_count, vote_count from ebook WHERE ( category2_id = ? ) LIMIT ?
2022-04-11 17:39:31.927 DEBUG c.a.wiki.mapper.EbookMapper.selectByExample       :137  [32m                  [0;39m ==> Parameters: 401(Long), 1000(Integer)
2022-04-11 17:39:31.934 TRACE c.a.wiki.mapper.EbookMapper.selectByExample       :143  [32m                  [0;39m <==    Columns: id, name, category1_id, category2_id, description, cover, doc_count, view_count, vote_count
2022-04-11 17:39:31.934 TRACE c.a.wiki.mapper.EbookMapper.selectByExample       :143  [32m                  [0;39m <==        Row: 4, MySQL Tutorial, 400, 401, Introduction to mySQL database, null, null, null, null
2022-04-11 17:39:31.934 DEBUG c.a.wiki.mapper.EbookMapper.selectByExample       :137  [32m                  [0;39m <==      Total: 1
2022-04-11 17:39:31.934 INFO  com.ameliawiki.wiki.service.EbookService          :46   [32m                  [0;39m total rowsï¼š1
2022-04-11 17:39:31.934 INFO  com.ameliawiki.wiki.service.EbookService          :47   [32m                  [0;39m total pagesï¼š1
2022-04-11 17:39:31.935 INFO  com.ameliawiki.wiki.aspect.LogAspect              :77   [32m                  [0;39m è¿”å›žç»“æžœ: {"content":{"list":[{"category1Id":400,"category2Id":401,"description":"Introduction to mySQL database","id":4,"name":"MySQL Tutorial"}],"total":1},"success":true}
2022-04-11 17:39:31.935 INFO  com.ameliawiki.wiki.aspect.LogAspect              :78   [32m                  [0;39m ------------- ç»“æŸ è€—æ—¶ï¼š14 ms -------------
2022-04-11 17:39:33.530 INFO  com.ameliawiki.wiki.aspect.LogAspect              :41   [32m                  [0;39m ------------- å¼€å§‹ -------------
2022-04-11 17:39:33.530 INFO  com.ameliawiki.wiki.aspect.LogAspect              :42   [32m                  [0;39m è¯·æ±‚åœ°å€: http://127.0.0.1:8080/ebook/list GET
2022-04-11 17:39:33.531 INFO  com.ameliawiki.wiki.aspect.LogAspect              :43   [32m                  [0;39m ç±»åæ–¹æ³•: com.ameliawiki.wiki.controller.EbookController.list
2022-04-11 17:39:33.531 INFO  com.ameliawiki.wiki.aspect.LogAspect              :44   [32m                  [0;39m è¿œç¨‹åœ°å€: 127.0.0.1
2022-04-11 17:39:33.531 INFO  com.ameliawiki.wiki.aspect.LogAspect              :64   [32m                  [0;39m è¯·æ±‚å‚æ•°: [{"categoryId2":501,"page":1,"size":1000}]
2022-04-11 17:39:33.533 DEBUG c.a.wiki.mapper.EbookMapper.selectByExample_COUNT :137  [32m                  [0;39m ==>  Preparing: SELECT count(0) FROM ebook WHERE (category2_id = ?)
2022-04-11 17:39:33.534 DEBUG c.a.wiki.mapper.EbookMapper.selectByExample_COUNT :137  [32m                  [0;39m ==> Parameters: 501(Long)
2022-04-11 17:39:33.537 TRACE c.a.wiki.mapper.EbookMapper.selectByExample_COUNT :143  [32m                  [0;39m <==    Columns: count(0)
2022-04-11 17:39:33.537 TRACE c.a.wiki.mapper.EbookMapper.selectByExample_COUNT :143  [32m                  [0;39m <==        Row: 0
2022-04-11 17:39:33.538 DEBUG c.a.wiki.mapper.EbookMapper.selectByExample_COUNT :137  [32m                  [0;39m <==      Total: 1
2022-04-11 17:39:33.538 INFO  com.ameliawiki.wiki.service.EbookService          :46   [32m                  [0;39m total rowsï¼š0
2022-04-11 17:39:33.538 INFO  com.ameliawiki.wiki.service.EbookService          :47   [32m                  [0;39m total pagesï¼š0
2022-04-11 17:39:33.539 INFO  com.ameliawiki.wiki.aspect.LogAspect              :77   [32m                  [0;39m è¿”å›žç»“æžœ: {"content":{"list":[],"total":0},"success":true}
2022-04-11 17:39:33.539 INFO  com.ameliawiki.wiki.aspect.LogAspect              :78   [32m                  [0;39m ------------- ç»“æŸ è€—æ—¶ï¼š9 ms -------------
2022-04-11 17:39:34.060 INFO  com.ameliawiki.wiki.aspect.LogAspect              :41   [32m                  [0;39m ------------- å¼€å§‹ -------------
2022-04-11 17:39:34.060 INFO  com.ameliawiki.wiki.aspect.LogAspect              :42   [32m                  [0;39m è¯·æ±‚åœ°å€: http://127.0.0.1:8080/ebook/list GET
2022-04-11 17:39:34.060 INFO  com.ameliawiki.wiki.aspect.LogAspect              :43   [32m                  [0;39m ç±»åæ–¹æ³•: com.ameliawiki.wiki.controller.EbookController.list
2022-04-11 17:39:34.060 INFO  com.ameliawiki.wiki.aspect.LogAspect              :44   [32m                  [0;39m è¿œç¨‹åœ°å€: 127.0.0.1
2022-04-11 17:39:34.061 INFO  com.ameliawiki.wiki.aspect.LogAspect              :64   [32m                  [0;39m è¯·æ±‚å‚æ•°: [{"categoryId2":502,"page":1,"size":1000}]
2022-04-11 17:39:34.063 DEBUG c.a.wiki.mapper.EbookMapper.selectByExample_COUNT :137  [32m                  [0;39m ==>  Preparing: SELECT count(0) FROM ebook WHERE (category2_id = ?)
2022-04-11 17:39:34.063 DEBUG c.a.wiki.mapper.EbookMapper.selectByExample_COUNT :137  [32m                  [0;39m ==> Parameters: 502(Long)
2022-04-11 17:39:34.064 TRACE c.a.wiki.mapper.EbookMapper.selectByExample_COUNT :143  [32m                  [0;39m <==    Columns: count(0)
2022-04-11 17:39:34.064 TRACE c.a.wiki.mapper.EbookMapper.selectByExample_COUNT :143  [32m                  [0;39m <==        Row: 1
2022-04-11 17:39:34.065 DEBUG c.a.wiki.mapper.EbookMapper.selectByExample_COUNT :137  [32m                  [0;39m <==      Total: 1
2022-04-11 17:39:34.065 DEBUG c.a.wiki.mapper.EbookMapper.selectByExample       :137  [32m                  [0;39m ==>  Preparing: select id, `name`, category1_id, category2_id, description, cover, doc_count, view_count, vote_count from ebook WHERE ( category2_id = ? ) LIMIT ?
2022-04-11 17:39:34.065 DEBUG c.a.wiki.mapper.EbookMapper.selectByExample       :137  [32m                  [0;39m ==> Parameters: 502(Long), 1000(Integer)
2022-04-11 17:39:34.067 TRACE c.a.wiki.mapper.EbookMapper.selectByExample       :143  [32m                  [0;39m <==    Columns: id, name, category1_id, category2_id, description, cover, doc_count, view_count, vote_count
2022-04-11 17:39:34.068 TRACE c.a.wiki.mapper.EbookMapper.selectByExample       :143  [32m                  [0;39m <==        Row: 5, Oracle Tutorial, 500, 502, Introduction to Oracle, null, null, null, null
2022-04-11 17:39:34.069 DEBUG c.a.wiki.mapper.EbookMapper.selectByExample       :137  [32m                  [0;39m <==      Total: 1
2022-04-11 17:39:34.069 INFO  com.ameliawiki.wiki.service.EbookService          :46   [32m                  [0;39m total rowsï¼š1
2022-04-11 17:39:34.069 INFO  com.ameliawiki.wiki.service.EbookService          :47   [32m                  [0;39m total pagesï¼š1
2022-04-11 17:39:34.070 INFO  com.ameliawiki.wiki.aspect.LogAspect              :77   [32m                  [0;39m è¿”å›žç»“æžœ: {"content":{"list":[{"category1Id":500,"category2Id":502,"description":"Introduction to Oracle","id":5,"name":"Oracle Tutorial"}],"total":1},"success":true}
2022-04-11 17:39:34.070 INFO  com.ameliawiki.wiki.aspect.LogAspect              :78   [32m                  [0;39m ------------- ç»“æŸ è€—æ—¶ï¼š10 ms -------------
2022-04-11 17:39:34.743 INFO  com.ameliawiki.wiki.aspect.LogAspect              :41   [32m                  [0;39m ------------- å¼€å§‹ -------------
2022-04-11 17:39:34.743 INFO  com.ameliawiki.wiki.aspect.LogAspect              :42   [32m                  [0;39m è¯·æ±‚åœ°å€: http://127.0.0.1:8080/ebook/list GET
2022-04-11 17:39:34.744 INFO  com.ameliawiki.wiki.aspect.LogAspect              :43   [32m                  [0;39m ç±»åæ–¹æ³•: com.ameliawiki.wiki.controller.EbookController.list
2022-04-11 17:39:34.744 INFO  com.ameliawiki.wiki.aspect.LogAspect              :44   [32m                  [0;39m è¿œç¨‹åœ°å€: 127.0.0.1
2022-04-11 17:39:34.744 INFO  com.ameliawiki.wiki.aspect.LogAspect              :64   [32m                  [0;39m è¯·æ±‚å‚æ•°: [{"categoryId2":503,"page":1,"size":1000}]
2022-04-11 17:39:34.747 DEBUG c.a.wiki.mapper.EbookMapper.selectByExample_COUNT :137  [32m                  [0;39m ==>  Preparing: SELECT count(0) FROM ebook WHERE (category2_id = ?)
2022-04-11 17:39:34.747 DEBUG c.a.wiki.mapper.EbookMapper.selectByExample_COUNT :137  [32m                  [0;39m ==> Parameters: 503(Long)
2022-04-11 17:39:34.754 TRACE c.a.wiki.mapper.EbookMapper.selectByExample_COUNT :143  [32m                  [0;39m <==    Columns: count(0)
2022-04-11 17:39:34.754 TRACE c.a.wiki.mapper.EbookMapper.selectByExample_COUNT :143  [32m                  [0;39m <==        Row: 0
2022-04-11 17:39:34.754 DEBUG c.a.wiki.mapper.EbookMapper.selectByExample_COUNT :137  [32m                  [0;39m <==      Total: 1
2022-04-11 17:39:34.755 INFO  com.ameliawiki.wiki.service.EbookService          :46   [32m                  [0;39m total rowsï¼š0
2022-04-11 17:39:34.755 INFO  com.ameliawiki.wiki.service.EbookService          :47   [32m                  [0;39m total pagesï¼š0
2022-04-11 17:39:34.755 INFO  com.ameliawiki.wiki.aspect.LogAspect              :77   [32m                  [0;39m è¿”å›žç»“æžœ: {"content":{"list":[],"total":0},"success":true}
2022-04-11 17:39:34.755 INFO  com.ameliawiki.wiki.aspect.LogAspect              :78   [32m                  [0;39m ------------- ç»“æŸ è€—æ—¶ï¼š12 ms -------------
2022-04-11 17:39:36.602 INFO  com.ameliawiki.wiki.aspect.LogAspect              :41   [32m                  [0;39m ------------- å¼€å§‹ -------------
2022-04-11 17:39:36.602 INFO  com.ameliawiki.wiki.aspect.LogAspect              :42   [32m                  [0;39m è¯·æ±‚åœ°å€: http://127.0.0.1:8080/ebook/list GET
2022-04-11 17:39:36.603 INFO  com.ameliawiki.wiki.aspect.LogAspect              :43   [32m                  [0;39m ç±»åæ–¹æ³•: com.ameliawiki.wiki.controller.EbookController.list
2022-04-11 17:39:36.603 INFO  com.ameliawiki.wiki.aspect.LogAspect              :44   [32m                  [0;39m è¿œç¨‹åœ°å€: 127.0.0.1
2022-04-11 17:39:36.603 INFO  com.ameliawiki.wiki.aspect.LogAspect              :64   [32m                  [0;39m è¯·æ±‚å‚æ•°: [{"categoryId2":202,"page":1,"size":1000}]
2022-04-11 17:39:36.606 DEBUG c.a.wiki.mapper.EbookMapper.selectByExample_COUNT :137  [32m                  [0;39m ==>  Preparing: SELECT count(0) FROM ebook WHERE (category2_id = ?)
2022-04-11 17:39:36.607 DEBUG c.a.wiki.mapper.EbookMapper.selectByExample_COUNT :137  [32m                  [0;39m ==> Parameters: 202(Long)
2022-04-11 17:39:36.612 TRACE c.a.wiki.mapper.EbookMapper.selectByExample_COUNT :143  [32m                  [0;39m <==    Columns: count(0)
2022-04-11 17:39:36.612 TRACE c.a.wiki.mapper.EbookMapper.selectByExample_COUNT :143  [32m                  [0;39m <==        Row: 1
2022-04-11 17:39:36.612 DEBUG c.a.wiki.mapper.EbookMapper.selectByExample_COUNT :137  [32m                  [0;39m <==      Total: 1
2022-04-11 17:39:36.613 DEBUG c.a.wiki.mapper.EbookMapper.selectByExample       :137  [32m                  [0;39m ==>  Preparing: select id, `name`, category1_id, category2_id, description, cover, doc_count, view_count, vote_count from ebook WHERE ( category2_id = ? ) LIMIT ?
2022-04-11 17:39:36.614 DEBUG c.a.wiki.mapper.EbookMapper.selectByExample       :137  [32m                  [0;39m ==> Parameters: 202(Long), 1000(Integer)
2022-04-11 17:39:36.615 TRACE c.a.wiki.mapper.EbookMapper.selectByExample       :143  [32m                  [0;39m <==    Columns: id, name, category1_id, category2_id, description, cover, doc_count, view_count, vote_count
2022-04-11 17:39:36.615 TRACE c.a.wiki.mapper.EbookMapper.selectByExample       :143  [32m                  [0;39m <==        Row: 1, SpringBoot Tutorial, 200, 202, Introduce how to create a SpringBoot project, /image/cover1.png, null, null, null
2022-04-11 17:39:36.615 DEBUG c.a.wiki.mapper.EbookMapper.selectByExample       :137  [32m                  [0;39m <==      Total: 1
2022-04-11 17:39:36.615 INFO  com.ameliawiki.wiki.service.EbookService          :46   [32m                  [0;39m total rowsï¼š1
2022-04-11 17:39:36.616 INFO  com.ameliawiki.wiki.service.EbookService          :47   [32m                  [0;39m total pagesï¼š1
2022-04-11 17:39:36.616 INFO  com.ameliawiki.wiki.aspect.LogAspect              :77   [32m                  [0;39m è¿”å›žç»“æžœ: {"content":{"list":[{"category1Id":200,"category2Id":202,"cover":"/image/cover1.png","description":"Introduce how to create a SpringBoot project","id":1,"name":"SpringBoot Tutorial"}],"total":1},"success":true}
2022-04-11 17:39:36.616 INFO  com.ameliawiki.wiki.aspect.LogAspect              :78   [32m                  [0;39m ------------- ç»“æŸ è€—æ—¶ï¼š14 ms -------------
2022-04-11 17:46:37.274 INFO  o.s.scheduling.concurrent.ThreadPoolTaskExecutor  :218  [32m                  [0;39m Shutting down ExecutorService 'applicationTaskExecutor'
2022-04-11 17:46:37.279 INFO  com.zaxxer.hikari.HikariDataSource                :350  [32m                  [0;39m HikariPool-1 - Shutdown initiated...
2022-04-11 17:46:37.334 INFO  com.zaxxer.hikari.HikariDataSource                :352  [32m                  [0;39m HikariPool-1 - Shutdown completed.
