2022-01-14 17:24:08.654 INFO  com.ameliawiki.wiki.config.WikiApplication               :55   [32m                  [0;39m Starting WikiApplication using Java 17.0.1 on Alexs-MacBook-Pro.local with PID 77650 (/Users/alex/IdeaProjects/wiki/target/classes started by alex in /Users/alex/IdeaProjects/wiki)
2022-01-14 17:24:08.656 INFO  com.ameliawiki.wiki.config.WikiApplication               :660  [32m                  [0;39m No active profile set, falling back to default profiles: default
2022-01-14 17:24:09.246 INFO  o.s.boot.web.embedded.tomcat.TomcatWebServer      :108  [32m                  [0;39m Tomcat initialized with port(s): 8080 (http)
2022-01-14 17:24:09.254 INFO  org.apache.coyote.http11.Http11NioProtocol        :173  [32m                  [0;39m Initializing ProtocolHandler ["http-nio-8080"]
2022-01-14 17:24:09.254 INFO  org.apache.catalina.core.StandardService          :173  [32m                  [0;39m Starting service [Tomcat]
2022-01-14 17:24:09.255 INFO  org.apache.catalina.core.StandardEngine           :173  [32m                  [0;39m Starting Servlet engine: [Apache Tomcat/9.0.39]
2022-01-14 17:24:09.300 INFO  o.a.c.core.ContainerBase.[Tomcat].[localhost].[/] :173  [32m                  [0;39m Initializing Spring embedded WebApplicationContext
2022-01-14 17:24:09.301 INFO  o.s.b.w.s.c.ServletWebServerApplicationContext    :289  [32m                  [0;39m Root WebApplicationContext: initialization completed in 608 ms
2022-01-14 17:24:09.429 INFO  o.s.scheduling.concurrent.ThreadPoolTaskExecutor  :181  [32m                  [0;39m Initializing ExecutorService 'applicationTaskExecutor'
2022-01-14 17:24:09.538 INFO  org.apache.coyote.http11.Http11NioProtocol        :173  [32m                  [0;39m Starting ProtocolHandler ["http-nio-8080"]
2022-01-14 17:24:09.556 INFO  o.s.boot.web.embedded.tomcat.TomcatWebServer      :220  [32m                  [0;39m Tomcat started on port(s): 8080 (http) with context path ''
2022-01-14 17:24:09.563 INFO  com.ameliawiki.wiki.config.WikiApplication               :61   [32m                  [0;39m Started WikiApplication in 6.298 seconds (JVM running for 6.601)
2022-01-14 17:24:09.566 INFO  com.ameliawiki.wiki.config.WikiApplication               :17   [32m                  [0;39m launch success!!!!!!!!YEA!!!
2022-01-14 17:24:09.566 INFO  com.ameliawiki.wiki.config.WikiApplication               :18   [32m                  [0;39m address: 	http://127.0.0.1:8080
2022-01-14 17:24:28.490 INFO  o.a.c.core.ContainerBase.[Tomcat].[localhost].[/] :173  [32m                  [0;39m Initializing Spring DispatcherServlet 'dispatcherServlet'
2022-01-14 17:24:28.491 INFO  org.springframework.web.servlet.DispatcherServlet :525  [32m                  [0;39m Initializing Servlet 'dispatcherServlet'
2022-01-14 17:24:28.494 INFO  org.springframework.web.servlet.DispatcherServlet :547  [32m                  [0;39m Completed initialization in 2 ms
2022-01-14 17:25:07.151 INFO  o.s.scheduling.concurrent.ThreadPoolTaskExecutor  :218  [32m                  [0;39m Shutting down ExecutorService 'applicationTaskExecutor'
2022-01-14 17:35:39.211 INFO  com.ameliawiki.wiki.config.WikiApplication               :55   [32m                  [0;39m Starting WikiApplication using Java 17.0.1 on Alexs-MacBook-Pro.local with PID 83120 (/Users/alex/IdeaProjects/wiki/target/classes started by alex in /Users/alex/IdeaProjects/wiki)
2022-01-14 17:35:39.213 INFO  com.ameliawiki.wiki.config.WikiApplication               :660  [32m                  [0;39m No active profile set, falling back to default profiles: default
2022-01-14 17:35:39.841 INFO  o.s.boot.web.embedded.tomcat.TomcatWebServer      :108  [32m                  [0;39m Tomcat initialized with port(s): 8080 (http)
2022-01-14 17:35:39.849 INFO  org.apache.coyote.http11.Http11NioProtocol        :173  [32m                  [0;39m Initializing ProtocolHandler ["http-nio-8080"]
2022-01-14 17:35:39.850 INFO  org.apache.catalina.core.StandardService          :173  [32m                  [0;39m Starting service [Tomcat]
2022-01-14 17:35:39.850 INFO  org.apache.catalina.core.StandardEngine           :173  [32m                  [0;39m Starting Servlet engine: [Apache Tomcat/9.0.39]
2022-01-14 17:35:39.893 INFO  o.a.c.core.ContainerBase.[Tomcat].[localhost].[/] :173  [32m                  [0;39m Initializing Spring embedded WebApplicationContext
2022-01-14 17:35:39.893 INFO  o.s.b.w.s.c.ServletWebServerApplicationContext    :289  [32m                  [0;39m Root WebApplicationContext: initialization completed in 646 ms
2022-01-14 17:35:40.011 INFO  o.s.scheduling.concurrent.ThreadPoolTaskExecutor  :181  [32m                  [0;39m Initializing ExecutorService 'applicationTaskExecutor'
2022-01-14 17:35:40.131 INFO  org.apache.coyote.http11.Http11NioProtocol        :173  [32m                  [0;39m Starting ProtocolHandler ["http-nio-8080"]
2022-01-14 17:35:40.144 INFO  o.s.boot.web.embedded.tomcat.TomcatWebServer      :220  [32m                  [0;39m Tomcat started on port(s): 8080 (http) with context path ''
2022-01-14 17:35:40.155 INFO  com.ameliawiki.wiki.config.WikiApplication               :61   [32m                  [0;39m Started WikiApplication in 6.279 seconds (JVM running for 6.561)
2022-01-14 17:35:40.158 INFO  com.ameliawiki.wiki.config.WikiApplication               :17   [32m                  [0;39m launch success!!!!!!!!YEA!!!
2022-01-14 17:35:40.158 INFO  com.ameliawiki.wiki.config.WikiApplication               :18   [32m                  [0;39m address: 	http://127.0.0.1:8080
2022-01-14 17:35:49.686 INFO  o.s.scheduling.concurrent.ThreadPoolTaskExecutor  :218  [32m                  [0;39m Shutting down ExecutorService 'applicationTaskExecutor'
