2022-03-12 18:42:43.726 INFO  org.hibernate.validator.internal.util.Version     :21   [32m                  [0;39m HV000001: Hibernate Validator 6.1.6.Final
2022-03-12 18:42:43.736 INFO  com.ameliawiki.wiki.config.WikiApplication        :55   [32m                  [0;39m Starting WikiApplication using Java 17.0.1 on Alexs-MacBook-Pro.local with PID 25443 (/Users/alex/IdeaProjects/wiki/target/classes started by alex in /Users/alex/IdeaProjects/wiki)
2022-03-12 18:42:43.736 INFO  com.ameliawiki.wiki.config.WikiApplication        :660  [32m                  [0;39m No active profile set, falling back to default profiles: default
2022-03-12 18:42:43.778 INFO  o.s.b.d.env.DevToolsPropertyDefaultsPostProcessor :255  [32m                  [0;39m Devtools property defaults active! Set 'spring.devtools.add-properties' to 'false' to disable
2022-03-12 18:42:43.779 INFO  o.s.b.d.env.DevToolsPropertyDefaultsPostProcessor :255  [32m                  [0;39m For additional web related logging consider setting the 'logging.level.web' property to 'DEBUG'
2022-03-12 18:42:44.744 INFO  o.s.boot.web.embedded.tomcat.TomcatWebServer      :108  [32m                  [0;39m Tomcat initialized with port(s): 8080 (http)
2022-03-12 18:42:44.753 INFO  org.apache.coyote.http11.Http11NioProtocol        :173  [32m                  [0;39m Initializing ProtocolHandler ["http-nio-8080"]
2022-03-12 18:42:44.753 INFO  org.apache.catalina.core.StandardService          :173  [32m                  [0;39m Starting service [Tomcat]
2022-03-12 18:42:44.754 INFO  org.apache.catalina.core.StandardEngine           :173  [32m                  [0;39m Starting Servlet engine: [Apache Tomcat/9.0.39]
2022-03-12 18:42:44.797 INFO  o.a.c.core.ContainerBase.[Tomcat].[localhost].[/] :173  [32m                  [0;39m Initializing Spring embedded WebApplicationContext
2022-03-12 18:42:44.797 INFO  o.s.b.w.s.c.ServletWebServerApplicationContext    :289  [32m                  [0;39m Root WebApplicationContext: initialization completed in 1018 ms
2022-03-12 18:42:45.242 INFO  o.s.scheduling.concurrent.ThreadPoolTaskExecutor  :181  [32m                  [0;39m Initializing ExecutorService 'applicationTaskExecutor'
2022-03-12 18:42:45.486 INFO  o.s.b.d.autoconfigure.OptionalLiveReloadServer    :58   [32m                  [0;39m LiveReload server is running on port 35729
2022-03-12 18:42:45.497 INFO  org.apache.coyote.http11.Http11NioProtocol        :173  [32m                  [0;39m Starting ProtocolHandler ["http-nio-8080"]
2022-03-12 18:42:45.508 INFO  o.s.boot.web.embedded.tomcat.TomcatWebServer      :220  [32m                  [0;39m Tomcat started on port(s): 8080 (http) with context path ''
2022-03-12 18:42:45.518 INFO  com.ameliawiki.wiki.config.WikiApplication        :61   [32m                  [0;39m Started WikiApplication in 7.159 seconds (JVM running for 7.625)
2022-03-12 18:42:45.520 INFO  com.ameliawiki.wiki.config.WikiApplication        :22   [32m                  [0;39m launch success!!!!!!!!YEA!!!
2022-03-12 18:42:45.521 INFO  com.ameliawiki.wiki.config.WikiApplication        :23   [32m                  [0;39m address: 	http://127.0.0.1:8080
2022-03-12 18:42:53.034 INFO  o.a.c.core.ContainerBase.[Tomcat].[localhost].[/] :173  [32m                  [0;39m Initializing Spring DispatcherServlet 'dispatcherServlet'
2022-03-12 18:42:53.035 INFO  org.springframework.web.servlet.DispatcherServlet :525  [32m                  [0;39m Initializing Servlet 'dispatcherServlet'
2022-03-12 18:42:53.037 INFO  org.springframework.web.servlet.DispatcherServlet :547  [32m                  [0;39m Completed initialization in 2 ms
2022-03-12 18:43:26.843 INFO  com.ameliawiki.wiki.aspect.LogAspect              :41   [32m                  [0;39m ------------- å¼€å§‹ -------------
2022-03-12 18:43:26.846 INFO  com.ameliawiki.wiki.aspect.LogAspect              :42   [32m                  [0;39m è¯·æ±‚åœ°å€: http://127.0.0.1:8080/ebook/list GET
2022-03-12 18:43:26.847 INFO  com.ameliawiki.wiki.aspect.LogAspect              :43   [32m                  [0;39m ç±»åæ–¹æ³•: com.ameliawiki.wiki.controller.EbookController.list
2022-03-12 18:43:26.847 INFO  com.ameliawiki.wiki.aspect.LogAspect              :44   [32m                  [0;39m è¿œç¨‹åœ°å€: 127.0.0.1
2022-03-12 18:43:26.964 INFO  com.ameliawiki.wiki.aspect.LogAspect              :64   [32m                  [0;39m è¯·æ±‚å‚æ•°: [{"page":1,"size":1000}]
2022-03-12 18:43:27.017 INFO  com.zaxxer.hikari.HikariDataSource                :110  [32m                  [0;39m HikariPool-1 - Starting...
2022-03-12 18:43:27.915 INFO  com.zaxxer.hikari.HikariDataSource                :123  [32m                  [0;39m HikariPool-1 - Start completed.
2022-03-12 18:43:27.963 DEBUG c.a.wiki.mapper.EbookMapper.selectByExample_COUNT :137  [32m                  [0;39m ==>  Preparing: SELECT count(0) FROM ebook
2022-03-12 18:43:27.986 DEBUG c.a.wiki.mapper.EbookMapper.selectByExample_COUNT :137  [32m                  [0;39m ==> Parameters: 
2022-03-12 18:43:28.060 TRACE c.a.wiki.mapper.EbookMapper.selectByExample_COUNT :143  [32m                  [0;39m <==    Columns: count(0)
2022-03-12 18:43:28.061 TRACE c.a.wiki.mapper.EbookMapper.selectByExample_COUNT :143  [32m                  [0;39m <==        Row: 5
2022-03-12 18:43:28.063 DEBUG c.a.wiki.mapper.EbookMapper.selectByExample_COUNT :137  [32m                  [0;39m <==      Total: 1
2022-03-12 18:43:28.065 DEBUG c.a.wiki.mapper.EbookMapper.selectByExample       :137  [32m                  [0;39m ==>  Preparing: select id, `name`, category1_id, category2_id, description, cover, doc_count, view_count, vote_count from ebook LIMIT ?
2022-03-12 18:43:28.065 DEBUG c.a.wiki.mapper.EbookMapper.selectByExample       :137  [32m                  [0;39m ==> Parameters: 1000(Integer)
2022-03-12 18:43:28.071 TRACE c.a.wiki.mapper.EbookMapper.selectByExample       :143  [32m                  [0;39m <==    Columns: id, name, category1_id, category2_id, description, cover, doc_count, view_count, vote_count
2022-03-12 18:43:28.071 TRACE c.a.wiki.mapper.EbookMapper.selectByExample       :143  [32m                  [0;39m <==        Row: 1, SpringBoot Tutorial, 2, 2, Introduce how to create a SpringBoot project, /image/cover1.png, null, null, null
2022-03-12 18:43:28.072 TRACE c.a.wiki.mapper.EbookMapper.selectByExample       :143  [32m                  [0;39m <==        Row: 2, Vue Tutorial, null, null, Introduce how to build front end with Vue, /image/cover2.png, null, null, null
2022-03-12 18:43:28.072 TRACE c.a.wiki.mapper.EbookMapper.selectByExample       :143  [32m                  [0;39m <==        Row: 3, Python Tutorial, null, null, Introduction to programming with Python, null, null, null, null
2022-03-12 18:43:28.073 TRACE c.a.wiki.mapper.EbookMapper.selectByExample       :143  [32m                  [0;39m <==        Row: 4, MySQL Tutorial, null, null, Introduction to mySQL database, null, null, null, null
2022-03-12 18:43:28.073 TRACE c.a.wiki.mapper.EbookMapper.selectByExample       :143  [32m                  [0;39m <==        Row: 5, Oracle Tutorial, null, null, Introduction to Oracle, null, null, null, null
2022-03-12 18:43:28.074 DEBUG c.a.wiki.mapper.EbookMapper.selectByExample       :137  [32m                  [0;39m <==      Total: 5
2022-03-12 18:43:28.076 INFO  com.ameliawiki.wiki.service.EbookService          :42   [32m                  [0;39m total rowsï¼š5
2022-03-12 18:43:28.076 INFO  com.ameliawiki.wiki.service.EbookService          :43   [32m                  [0;39m total pagesï¼š1
2022-03-12 18:43:28.089 INFO  com.ameliawiki.wiki.aspect.LogAspect              :77   [32m                  [0;39m è¿”å›žç»“æžœ: {"content":{"list":[{"category1Id":2,"category2Id":2,"cover":"/image/cover1.png","description":"Introduce how to create a SpringBoot project","id":1,"name":"SpringBoot Tutorial"},{"cover":"/image/cover2.png","description":"Introduce how to build front end with Vue","id":2,"name":"Vue Tutorial"},{"description":"Introduction to programming with Python","id":3,"name":"Python Tutorial"},{"description":"Introduction to mySQL database","id":4,"name":"MySQL Tutorial"},{"description":"Introduction to Oracle","id":5,"name":"Oracle Tutorial"}],"total":5},"success":true}
2022-03-12 18:43:28.090 INFO  com.ameliawiki.wiki.aspect.LogAspect              :78   [32m                  [0;39m ------------- ç»“æŸ è€—æ—¶ï¼š1249 ms -------------
2022-03-12 18:43:34.864 INFO  com.ameliawiki.wiki.aspect.LogAspect              :41   [32m                  [0;39m ------------- å¼€å§‹ -------------
2022-03-12 18:43:34.865 INFO  com.ameliawiki.wiki.aspect.LogAspect              :42   [32m                  [0;39m è¯·æ±‚åœ°å€: http://127.0.0.1:8080/ebook/list GET
2022-03-12 18:43:34.865 INFO  com.ameliawiki.wiki.aspect.LogAspect              :43   [32m                  [0;39m ç±»åæ–¹æ³•: com.ameliawiki.wiki.controller.EbookController.list
2022-03-12 18:43:34.865 INFO  com.ameliawiki.wiki.aspect.LogAspect              :44   [32m                  [0;39m è¿œç¨‹åœ°å€: 127.0.0.1
2022-03-12 18:43:34.866 INFO  com.ameliawiki.wiki.aspect.LogAspect              :64   [32m                  [0;39m è¯·æ±‚å‚æ•°: [{"page":1,"size":10}]
2022-03-12 18:43:34.873 DEBUG c.a.wiki.mapper.EbookMapper.selectByExample_COUNT :137  [32m                  [0;39m ==>  Preparing: SELECT count(0) FROM ebook
2022-03-12 18:43:34.873 DEBUG c.a.wiki.mapper.EbookMapper.selectByExample_COUNT :137  [32m                  [0;39m ==> Parameters: 
2022-03-12 18:43:34.876 TRACE c.a.wiki.mapper.EbookMapper.selectByExample_COUNT :143  [32m                  [0;39m <==    Columns: count(0)
2022-03-12 18:43:34.876 TRACE c.a.wiki.mapper.EbookMapper.selectByExample_COUNT :143  [32m                  [0;39m <==        Row: 5
2022-03-12 18:43:34.877 DEBUG c.a.wiki.mapper.EbookMapper.selectByExample_COUNT :137  [32m                  [0;39m <==      Total: 1
2022-03-12 18:43:34.877 DEBUG c.a.wiki.mapper.EbookMapper.selectByExample       :137  [32m                  [0;39m ==>  Preparing: select id, `name`, category1_id, category2_id, description, cover, doc_count, view_count, vote_count from ebook LIMIT ?
2022-03-12 18:43:34.878 DEBUG c.a.wiki.mapper.EbookMapper.selectByExample       :137  [32m                  [0;39m ==> Parameters: 10(Integer)
2022-03-12 18:43:34.880 TRACE c.a.wiki.mapper.EbookMapper.selectByExample       :143  [32m                  [0;39m <==    Columns: id, name, category1_id, category2_id, description, cover, doc_count, view_count, vote_count
2022-03-12 18:43:34.880 TRACE c.a.wiki.mapper.EbookMapper.selectByExample       :143  [32m                  [0;39m <==        Row: 1, SpringBoot Tutorial, 2, 2, Introduce how to create a SpringBoot project, /image/cover1.png, null, null, null
2022-03-12 18:43:34.881 TRACE c.a.wiki.mapper.EbookMapper.selectByExample       :143  [32m                  [0;39m <==        Row: 2, Vue Tutorial, null, null, Introduce how to build front end with Vue, /image/cover2.png, null, null, null
2022-03-12 18:43:34.882 TRACE c.a.wiki.mapper.EbookMapper.selectByExample       :143  [32m                  [0;39m <==        Row: 3, Python Tutorial, null, null, Introduction to programming with Python, null, null, null, null
2022-03-12 18:43:34.882 TRACE c.a.wiki.mapper.EbookMapper.selectByExample       :143  [32m                  [0;39m <==        Row: 4, MySQL Tutorial, null, null, Introduction to mySQL database, null, null, null, null
2022-03-12 18:43:34.883 TRACE c.a.wiki.mapper.EbookMapper.selectByExample       :143  [32m                  [0;39m <==        Row: 5, Oracle Tutorial, null, null, Introduction to Oracle, null, null, null, null
2022-03-12 18:43:34.884 DEBUG c.a.wiki.mapper.EbookMapper.selectByExample       :137  [32m                  [0;39m <==      Total: 5
2022-03-12 18:43:34.884 INFO  com.ameliawiki.wiki.service.EbookService          :42   [32m                  [0;39m total rowsï¼š5
2022-03-12 18:43:34.885 INFO  com.ameliawiki.wiki.service.EbookService          :43   [32m                  [0;39m total pagesï¼š1
2022-03-12 18:43:34.886 INFO  com.ameliawiki.wiki.aspect.LogAspect              :77   [32m                  [0;39m è¿”å›žç»“æžœ: {"content":{"list":[{"category1Id":2,"category2Id":2,"cover":"/image/cover1.png","description":"Introduce how to create a SpringBoot project","id":1,"name":"SpringBoot Tutorial"},{"cover":"/image/cover2.png","description":"Introduce how to build front end with Vue","id":2,"name":"Vue Tutorial"},{"description":"Introduction to programming with Python","id":3,"name":"Python Tutorial"},{"description":"Introduction to mySQL database","id":4,"name":"MySQL Tutorial"},{"description":"Introduction to Oracle","id":5,"name":"Oracle Tutorial"}],"total":5},"success":true}
2022-03-12 18:43:34.886 INFO  com.ameliawiki.wiki.aspect.LogAspect              :78   [32m                  [0;39m ------------- ç»“æŸ è€—æ—¶ï¼š22 ms -------------
2022-03-12 18:43:34.890 INFO  com.ameliawiki.wiki.aspect.LogAspect              :41   [32m                  [0;39m ------------- å¼€å§‹ -------------
2022-03-12 18:43:34.891 INFO  com.ameliawiki.wiki.aspect.LogAspect              :42   [32m                  [0;39m è¯·æ±‚åœ°å€: http://127.0.0.1:8080/ebook/list GET
2022-03-12 18:43:34.891 INFO  com.ameliawiki.wiki.aspect.LogAspect              :43   [32m                  [0;39m ç±»åæ–¹æ³•: com.ameliawiki.wiki.controller.EbookController.list
2022-03-12 18:43:34.891 INFO  com.ameliawiki.wiki.aspect.LogAspect              :44   [32m                  [0;39m è¿œç¨‹åœ°å€: 127.0.0.1
2022-03-12 18:43:34.891 INFO  com.ameliawiki.wiki.aspect.LogAspect              :64   [32m                  [0;39m è¯·æ±‚å‚æ•°: [{"page":1,"size":10}]
2022-03-12 18:43:34.893 DEBUG c.a.wiki.mapper.EbookMapper.selectByExample_COUNT :137  [32m                  [0;39m ==>  Preparing: SELECT count(0) FROM ebook
2022-03-12 18:43:34.893 DEBUG c.a.wiki.mapper.EbookMapper.selectByExample_COUNT :137  [32m                  [0;39m ==> Parameters: 
2022-03-12 18:43:34.903 TRACE c.a.wiki.mapper.EbookMapper.selectByExample_COUNT :143  [32m                  [0;39m <==    Columns: count(0)
2022-03-12 18:43:34.904 TRACE c.a.wiki.mapper.EbookMapper.selectByExample_COUNT :143  [32m                  [0;39m <==        Row: 5
2022-03-12 18:43:34.905 DEBUG c.a.wiki.mapper.EbookMapper.selectByExample_COUNT :137  [32m                  [0;39m <==      Total: 1
2022-03-12 18:43:34.906 DEBUG c.a.wiki.mapper.EbookMapper.selectByExample       :137  [32m                  [0;39m ==>  Preparing: select id, `name`, category1_id, category2_id, description, cover, doc_count, view_count, vote_count from ebook LIMIT ?
2022-03-12 18:43:34.907 DEBUG c.a.wiki.mapper.EbookMapper.selectByExample       :137  [32m                  [0;39m ==> Parameters: 10(Integer)
2022-03-12 18:43:34.908 TRACE c.a.wiki.mapper.EbookMapper.selectByExample       :143  [32m                  [0;39m <==    Columns: id, name, category1_id, category2_id, description, cover, doc_count, view_count, vote_count
2022-03-12 18:43:34.908 TRACE c.a.wiki.mapper.EbookMapper.selectByExample       :143  [32m                  [0;39m <==        Row: 1, SpringBoot Tutorial, 2, 2, Introduce how to create a SpringBoot project, /image/cover1.png, null, null, null
2022-03-12 18:43:34.909 TRACE c.a.wiki.mapper.EbookMapper.selectByExample       :143  [32m                  [0;39m <==        Row: 2, Vue Tutorial, null, null, Introduce how to build front end with Vue, /image/cover2.png, null, null, null
2022-03-12 18:43:34.909 TRACE c.a.wiki.mapper.EbookMapper.selectByExample       :143  [32m                  [0;39m <==        Row: 3, Python Tutorial, null, null, Introduction to programming with Python, null, null, null, null
2022-03-12 18:43:34.911 TRACE c.a.wiki.mapper.EbookMapper.selectByExample       :143  [32m                  [0;39m <==        Row: 4, MySQL Tutorial, null, null, Introduction to mySQL database, null, null, null, null
2022-03-12 18:43:34.912 TRACE c.a.wiki.mapper.EbookMapper.selectByExample       :143  [32m                  [0;39m <==        Row: 5, Oracle Tutorial, null, null, Introduction to Oracle, null, null, null, null
2022-03-12 18:43:34.912 DEBUG c.a.wiki.mapper.EbookMapper.selectByExample       :137  [32m                  [0;39m <==      Total: 5
2022-03-12 18:43:34.913 INFO  com.ameliawiki.wiki.service.EbookService          :42   [32m                  [0;39m total rowsï¼š5
2022-03-12 18:43:34.913 INFO  com.ameliawiki.wiki.service.EbookService          :43   [32m                  [0;39m total pagesï¼š1
2022-03-12 18:43:34.914 INFO  com.ameliawiki.wiki.aspect.LogAspect              :77   [32m                  [0;39m è¿”å›žç»“æžœ: {"content":{"list":[{"category1Id":2,"category2Id":2,"cover":"/image/cover1.png","description":"Introduce how to create a SpringBoot project","id":1,"name":"SpringBoot Tutorial"},{"cover":"/image/cover2.png","description":"Introduce how to build front end with Vue","id":2,"name":"Vue Tutorial"},{"description":"Introduction to programming with Python","id":3,"name":"Python Tutorial"},{"description":"Introduction to mySQL database","id":4,"name":"MySQL Tutorial"},{"description":"Introduction to Oracle","id":5,"name":"Oracle Tutorial"}],"total":5},"success":true}
2022-03-12 18:43:34.915 INFO  com.ameliawiki.wiki.aspect.LogAspect              :78   [32m                  [0;39m ------------- ç»“æŸ è€—æ—¶ï¼š25 ms -------------
2022-03-12 18:43:38.746 INFO  com.ameliawiki.wiki.aspect.LogAspect              :41   [32m                  [0;39m ------------- å¼€å§‹ -------------
2022-03-12 18:43:38.746 INFO  com.ameliawiki.wiki.aspect.LogAspect              :42   [32m                  [0;39m è¯·æ±‚åœ°å€: http://127.0.0.1:8080/ebook/list GET
2022-03-12 18:43:38.746 INFO  com.ameliawiki.wiki.aspect.LogAspect              :43   [32m                  [0;39m ç±»åæ–¹æ³•: com.ameliawiki.wiki.controller.EbookController.list
2022-03-12 18:43:38.747 INFO  com.ameliawiki.wiki.aspect.LogAspect              :44   [32m                  [0;39m è¿œç¨‹åœ°å€: 127.0.0.1
2022-03-12 18:43:38.747 INFO  com.ameliawiki.wiki.aspect.LogAspect              :64   [32m                  [0;39m è¯·æ±‚å‚æ•°: [{"page":1,"size":1000}]
2022-03-12 18:43:38.748 DEBUG c.a.wiki.mapper.EbookMapper.selectByExample_COUNT :137  [32m                  [0;39m ==>  Preparing: SELECT count(0) FROM ebook
2022-03-12 18:43:38.749 DEBUG c.a.wiki.mapper.EbookMapper.selectByExample_COUNT :137  [32m                  [0;39m ==> Parameters: 
2022-03-12 18:43:38.750 TRACE c.a.wiki.mapper.EbookMapper.selectByExample_COUNT :143  [32m                  [0;39m <==    Columns: count(0)
2022-03-12 18:43:38.750 TRACE c.a.wiki.mapper.EbookMapper.selectByExample_COUNT :143  [32m                  [0;39m <==        Row: 5
2022-03-12 18:43:38.751 DEBUG c.a.wiki.mapper.EbookMapper.selectByExample_COUNT :137  [32m                  [0;39m <==      Total: 1
2022-03-12 18:43:38.752 DEBUG c.a.wiki.mapper.EbookMapper.selectByExample       :137  [32m                  [0;39m ==>  Preparing: select id, `name`, category1_id, category2_id, description, cover, doc_count, view_count, vote_count from ebook LIMIT ?
2022-03-12 18:43:38.752 DEBUG c.a.wiki.mapper.EbookMapper.selectByExample       :137  [32m                  [0;39m ==> Parameters: 1000(Integer)
2022-03-12 18:43:38.753 TRACE c.a.wiki.mapper.EbookMapper.selectByExample       :143  [32m                  [0;39m <==    Columns: id, name, category1_id, category2_id, description, cover, doc_count, view_count, vote_count
2022-03-12 18:43:38.753 TRACE c.a.wiki.mapper.EbookMapper.selectByExample       :143  [32m                  [0;39m <==        Row: 1, SpringBoot Tutorial, 2, 2, Introduce how to create a SpringBoot project, /image/cover1.png, null, null, null
2022-03-12 18:43:38.755 TRACE c.a.wiki.mapper.EbookMapper.selectByExample       :143  [32m                  [0;39m <==        Row: 2, Vue Tutorial, null, null, Introduce how to build front end with Vue, /image/cover2.png, null, null, null
2022-03-12 18:43:38.755 TRACE c.a.wiki.mapper.EbookMapper.selectByExample       :143  [32m                  [0;39m <==        Row: 3, Python Tutorial, null, null, Introduction to programming with Python, null, null, null, null
2022-03-12 18:43:38.756 TRACE c.a.wiki.mapper.EbookMapper.selectByExample       :143  [32m                  [0;39m <==        Row: 4, MySQL Tutorial, null, null, Introduction to mySQL database, null, null, null, null
2022-03-12 18:43:38.756 TRACE c.a.wiki.mapper.EbookMapper.selectByExample       :143  [32m                  [0;39m <==        Row: 5, Oracle Tutorial, null, null, Introduction to Oracle, null, null, null, null
2022-03-12 18:43:38.756 DEBUG c.a.wiki.mapper.EbookMapper.selectByExample       :137  [32m                  [0;39m <==      Total: 5
2022-03-12 18:43:38.757 INFO  com.ameliawiki.wiki.service.EbookService          :42   [32m                  [0;39m total rowsï¼š5
2022-03-12 18:43:38.757 INFO  com.ameliawiki.wiki.service.EbookService          :43   [32m                  [0;39m total pagesï¼š1
2022-03-12 18:43:38.759 INFO  com.ameliawiki.wiki.aspect.LogAspect              :77   [32m                  [0;39m è¿”å›žç»“æžœ: {"content":{"list":[{"category1Id":2,"category2Id":2,"cover":"/image/cover1.png","description":"Introduce how to create a SpringBoot project","id":1,"name":"SpringBoot Tutorial"},{"cover":"/image/cover2.png","description":"Introduce how to build front end with Vue","id":2,"name":"Vue Tutorial"},{"description":"Introduction to programming with Python","id":3,"name":"Python Tutorial"},{"description":"Introduction to mySQL database","id":4,"name":"MySQL Tutorial"},{"description":"Introduction to Oracle","id":5,"name":"Oracle Tutorial"}],"total":5},"success":true}
2022-03-12 18:43:38.760 INFO  com.ameliawiki.wiki.aspect.LogAspect              :78   [32m                  [0;39m ------------- ç»“æŸ è€—æ—¶ï¼š14 ms -------------
2022-03-12 18:43:48.239 INFO  o.s.scheduling.concurrent.ThreadPoolTaskExecutor  :218  [32m                  [0;39m Shutting down ExecutorService 'applicationTaskExecutor'
2022-03-12 18:43:48.240 INFO  com.zaxxer.hikari.HikariDataSource                :350  [32m                  [0;39m HikariPool-1 - Shutdown initiated...
2022-03-12 18:43:48.251 INFO  com.zaxxer.hikari.HikariDataSource                :352  [32m                  [0;39m HikariPool-1 - Shutdown completed.
