2022-03-27 20:21:18.076 INFO  org.hibernate.validator.internal.util.Version     :21   [32m                  [0;39m HV000001: Hibernate Validator 6.1.6.Final
2022-03-27 20:21:18.088 INFO  com.ameliawiki.wiki.config.WikiApplication        :55   [32m                  [0;39m Starting WikiApplication using Java 17.0.1 on Alexs-MBP with PID 26155 (/Users/alex/IdeaProjects/wiki/target/classes started by alex in /Users/alex/IdeaProjects/wiki)
2022-03-27 20:21:18.088 INFO  com.ameliawiki.wiki.config.WikiApplication        :660  [32m                  [0;39m No active profile set, falling back to default profiles: default
2022-03-27 20:21:18.138 INFO  o.s.b.d.env.DevToolsPropertyDefaultsPostProcessor :255  [32m                  [0;39m Devtools property defaults active! Set 'spring.devtools.add-properties' to 'false' to disable
2022-03-27 20:21:18.139 INFO  o.s.b.d.env.DevToolsPropertyDefaultsPostProcessor :255  [32m                  [0;39m For additional web related logging consider setting the 'logging.level.web' property to 'DEBUG'
2022-03-27 20:21:19.507 INFO  o.s.boot.web.embedded.tomcat.TomcatWebServer      :108  [32m                  [0;39m Tomcat initialized with port(s): 8080 (http)
2022-03-27 20:21:19.519 INFO  org.apache.coyote.http11.Http11NioProtocol        :173  [32m                  [0;39m Initializing ProtocolHandler ["http-nio-8080"]
2022-03-27 20:21:19.519 INFO  org.apache.catalina.core.StandardService          :173  [32m                  [0;39m Starting service [Tomcat]
2022-03-27 20:21:19.519 INFO  org.apache.catalina.core.StandardEngine           :173  [32m                  [0;39m Starting Servlet engine: [Apache Tomcat/9.0.39]
2022-03-27 20:21:19.571 INFO  o.a.c.core.ContainerBase.[Tomcat].[localhost].[/] :173  [32m                  [0;39m Initializing Spring embedded WebApplicationContext
2022-03-27 20:21:19.572 INFO  o.s.b.w.s.c.ServletWebServerApplicationContext    :289  [32m                  [0;39m Root WebApplicationContext: initialization completed in 1432 ms
2022-03-27 20:21:20.163 INFO  o.s.scheduling.concurrent.ThreadPoolTaskExecutor  :181  [32m                  [0;39m Initializing ExecutorService 'applicationTaskExecutor'
2022-03-27 20:21:20.460 INFO  o.s.b.d.autoconfigure.OptionalLiveReloadServer    :58   [32m                  [0;39m LiveReload server is running on port 35729
2022-03-27 20:21:20.475 INFO  org.apache.coyote.http11.Http11NioProtocol        :173  [32m                  [0;39m Starting ProtocolHandler ["http-nio-8080"]
2022-03-27 20:21:20.496 INFO  o.s.boot.web.embedded.tomcat.TomcatWebServer      :220  [32m                  [0;39m Tomcat started on port(s): 8080 (http) with context path ''
2022-03-27 20:21:20.509 INFO  com.ameliawiki.wiki.config.WikiApplication        :61   [32m                  [0;39m Started WikiApplication in 2.957 seconds (JVM running for 3.463)
2022-03-27 20:21:20.512 INFO  com.ameliawiki.wiki.config.WikiApplication        :22   [32m                  [0;39m launch success!!!!!!!!YEA!!!
2022-03-27 20:21:20.512 INFO  com.ameliawiki.wiki.config.WikiApplication        :23   [32m                  [0;39m address: 	http://127.0.0.1:8080
2022-03-27 20:21:46.580 INFO  o.a.c.core.ContainerBase.[Tomcat].[localhost].[/] :173  [32m                  [0;39m Initializing Spring DispatcherServlet 'dispatcherServlet'
2022-03-27 20:21:46.586 INFO  org.springframework.web.servlet.DispatcherServlet :525  [32m                  [0;39m Initializing Servlet 'dispatcherServlet'
2022-03-27 20:21:46.592 INFO  org.springframework.web.servlet.DispatcherServlet :547  [32m                  [0;39m Completed initialization in 6 ms
2022-03-27 20:21:46.789 INFO  com.ameliawiki.wiki.aspect.LogAspect              :41   [32m                  [0;39m ------------- å¼€å§‹ -------------
2022-03-27 20:21:46.790 INFO  com.ameliawiki.wiki.aspect.LogAspect              :42   [32m                  [0;39m è¯·æ±‚åœ°å€: http://127.0.0.1:8080/ebook/list GET
2022-03-27 20:21:46.790 INFO  com.ameliawiki.wiki.aspect.LogAspect              :43   [32m                  [0;39m ç±»åæ–¹æ³•: com.ameliawiki.wiki.controller.EbookController.list
2022-03-27 20:21:46.791 INFO  com.ameliawiki.wiki.aspect.LogAspect              :44   [32m                  [0;39m è¿œç¨‹åœ°å€: 127.0.0.1
2022-03-27 20:21:46.870 INFO  com.ameliawiki.wiki.aspect.LogAspect              :64   [32m                  [0;39m è¯·æ±‚å‚æ•°: [{"page":1,"size":1000}]
2022-03-27 20:21:46.970 INFO  com.zaxxer.hikari.HikariDataSource                :110  [32m                  [0;39m HikariPool-1 - Starting...
2022-03-27 20:21:47.849 INFO  com.zaxxer.hikari.HikariDataSource                :123  [32m                  [0;39m HikariPool-1 - Start completed.
2022-03-27 20:21:47.901 DEBUG c.a.wiki.mapper.EbookMapper.selectByExample_COUNT :137  [32m                  [0;39m ==>  Preparing: SELECT count(0) FROM ebook
2022-03-27 20:21:47.932 DEBUG c.a.wiki.mapper.EbookMapper.selectByExample_COUNT :137  [32m                  [0;39m ==> Parameters: 
2022-03-27 20:21:48.187 TRACE c.a.wiki.mapper.EbookMapper.selectByExample_COUNT :143  [32m                  [0;39m <==    Columns: count(0)
2022-03-27 20:21:48.188 TRACE c.a.wiki.mapper.EbookMapper.selectByExample_COUNT :143  [32m                  [0;39m <==        Row: 5
2022-03-27 20:21:48.189 DEBUG c.a.wiki.mapper.EbookMapper.selectByExample_COUNT :137  [32m                  [0;39m <==      Total: 1
2022-03-27 20:21:48.192 DEBUG c.a.wiki.mapper.EbookMapper.selectByExample       :137  [32m                  [0;39m ==>  Preparing: select id, `name`, category1_id, category2_id, description, cover, doc_count, view_count, vote_count from ebook LIMIT ?
2022-03-27 20:21:48.193 DEBUG c.a.wiki.mapper.EbookMapper.selectByExample       :137  [32m                  [0;39m ==> Parameters: 1000(Integer)
2022-03-27 20:21:48.202 TRACE c.a.wiki.mapper.EbookMapper.selectByExample       :143  [32m                  [0;39m <==    Columns: id, name, category1_id, category2_id, description, cover, doc_count, view_count, vote_count
2022-03-27 20:21:48.203 TRACE c.a.wiki.mapper.EbookMapper.selectByExample       :143  [32m                  [0;39m <==        Row: 1, SpringBoot Tutorial, 2, 3, Introduce how to create a SpringBoot project, /image/cover1.png, null, null, null
2022-03-27 20:21:48.204 TRACE c.a.wiki.mapper.EbookMapper.selectByExample       :143  [32m                  [0;39m <==        Row: 2, Vue Tutorial, null, null, Introduce how to build front end with Vue, /image/cover2.png, null, null, null
2022-03-27 20:21:48.205 TRACE c.a.wiki.mapper.EbookMapper.selectByExample       :143  [32m                  [0;39m <==        Row: 3, Python Tutorial, null, null, Introduction to programming with Python, null, null, null, null
2022-03-27 20:21:48.205 TRACE c.a.wiki.mapper.EbookMapper.selectByExample       :143  [32m                  [0;39m <==        Row: 4, MySQL Tutorial, null, null, Introduction to mySQL database, null, null, null, null
2022-03-27 20:21:48.206 TRACE c.a.wiki.mapper.EbookMapper.selectByExample       :143  [32m                  [0;39m <==        Row: 5, Oracle Tutorial, null, null, Introduction to Oracle, null, null, null, null
2022-03-27 20:21:48.207 DEBUG c.a.wiki.mapper.EbookMapper.selectByExample       :137  [32m                  [0;39m <==      Total: 5
2022-03-27 20:21:48.209 INFO  com.ameliawiki.wiki.service.EbookService          :42   [32m                  [0;39m total rowsï¼š5
2022-03-27 20:21:48.210 INFO  com.ameliawiki.wiki.service.EbookService          :43   [32m                  [0;39m total pagesï¼š1
2022-03-27 20:21:48.225 INFO  com.ameliawiki.wiki.aspect.LogAspect              :77   [32m                  [0;39m è¿”å›žç»“æžœ: {"content":{"list":[{"category1Id":2,"category2Id":3,"cover":"/image/cover1.png","description":"Introduce how to create a SpringBoot project","id":1,"name":"SpringBoot Tutorial"},{"cover":"/image/cover2.png","description":"Introduce how to build front end with Vue","id":2,"name":"Vue Tutorial"},{"description":"Introduction to programming with Python","id":3,"name":"Python Tutorial"},{"description":"Introduction to mySQL database","id":4,"name":"MySQL Tutorial"},{"description":"Introduction to Oracle","id":5,"name":"Oracle Tutorial"}],"total":5},"success":true}
2022-03-27 20:21:48.226 INFO  com.ameliawiki.wiki.aspect.LogAspect              :78   [32m                  [0;39m ------------- ç»“æŸ è€—æ—¶ï¼š1439 ms -------------
2022-03-27 20:22:16.243 INFO  com.ameliawiki.wiki.aspect.LogAspect              :41   [32m                  [0;39m ------------- å¼€å§‹ -------------
2022-03-27 20:22:16.244 INFO  com.ameliawiki.wiki.aspect.LogAspect              :42   [32m                  [0;39m è¯·æ±‚åœ°å€: http://127.0.0.1:8080/ebook/list GET
2022-03-27 20:22:16.245 INFO  com.ameliawiki.wiki.aspect.LogAspect              :43   [32m                  [0;39m ç±»åæ–¹æ³•: com.ameliawiki.wiki.controller.EbookController.list
2022-03-27 20:22:16.246 INFO  com.ameliawiki.wiki.aspect.LogAspect              :44   [32m                  [0;39m è¿œç¨‹åœ°å€: 127.0.0.1
2022-03-27 20:22:16.246 INFO  com.ameliawiki.wiki.aspect.LogAspect              :64   [32m                  [0;39m è¯·æ±‚å‚æ•°: [{"page":1,"size":10}]
2022-03-27 20:22:16.272 DEBUG c.a.wiki.mapper.EbookMapper.selectByExample_COUNT :137  [32m                  [0;39m ==>  Preparing: SELECT count(0) FROM ebook
2022-03-27 20:22:16.273 DEBUG c.a.wiki.mapper.EbookMapper.selectByExample_COUNT :137  [32m                  [0;39m ==> Parameters: 
2022-03-27 20:22:16.274 TRACE c.a.wiki.mapper.EbookMapper.selectByExample_COUNT :143  [32m                  [0;39m <==    Columns: count(0)
2022-03-27 20:22:16.275 TRACE c.a.wiki.mapper.EbookMapper.selectByExample_COUNT :143  [32m                  [0;39m <==        Row: 5
2022-03-27 20:22:16.275 DEBUG c.a.wiki.mapper.EbookMapper.selectByExample_COUNT :137  [32m                  [0;39m <==      Total: 1
2022-03-27 20:22:16.275 DEBUG c.a.wiki.mapper.EbookMapper.selectByExample       :137  [32m                  [0;39m ==>  Preparing: select id, `name`, category1_id, category2_id, description, cover, doc_count, view_count, vote_count from ebook LIMIT ?
2022-03-27 20:22:16.276 DEBUG c.a.wiki.mapper.EbookMapper.selectByExample       :137  [32m                  [0;39m ==> Parameters: 10(Integer)
2022-03-27 20:22:16.277 TRACE c.a.wiki.mapper.EbookMapper.selectByExample       :143  [32m                  [0;39m <==    Columns: id, name, category1_id, category2_id, description, cover, doc_count, view_count, vote_count
2022-03-27 20:22:16.277 TRACE c.a.wiki.mapper.EbookMapper.selectByExample       :143  [32m                  [0;39m <==        Row: 1, SpringBoot Tutorial, 2, 3, Introduce how to create a SpringBoot project, /image/cover1.png, null, null, null
2022-03-27 20:22:16.278 TRACE c.a.wiki.mapper.EbookMapper.selectByExample       :143  [32m                  [0;39m <==        Row: 2, Vue Tutorial, null, null, Introduce how to build front end with Vue, /image/cover2.png, null, null, null
2022-03-27 20:22:16.278 TRACE c.a.wiki.mapper.EbookMapper.selectByExample       :143  [32m                  [0;39m <==        Row: 3, Python Tutorial, null, null, Introduction to programming with Python, null, null, null, null
2022-03-27 20:22:16.279 TRACE c.a.wiki.mapper.EbookMapper.selectByExample       :143  [32m                  [0;39m <==        Row: 4, MySQL Tutorial, null, null, Introduction to mySQL database, null, null, null, null
2022-03-27 20:22:16.279 TRACE c.a.wiki.mapper.EbookMapper.selectByExample       :143  [32m                  [0;39m <==        Row: 5, Oracle Tutorial, null, null, Introduction to Oracle, null, null, null, null
2022-03-27 20:22:16.279 DEBUG c.a.wiki.mapper.EbookMapper.selectByExample       :137  [32m                  [0;39m <==      Total: 5
2022-03-27 20:22:16.280 INFO  com.ameliawiki.wiki.service.EbookService          :42   [32m                  [0;39m total rowsï¼š5
2022-03-27 20:22:16.280 INFO  com.ameliawiki.wiki.service.EbookService          :43   [32m                  [0;39m total pagesï¼š1
2022-03-27 20:22:16.281 INFO  com.ameliawiki.wiki.aspect.LogAspect              :77   [32m                  [0;39m è¿”å›žç»“æžœ: {"content":{"list":[{"category1Id":2,"category2Id":3,"cover":"/image/cover1.png","description":"Introduce how to create a SpringBoot project","id":1,"name":"SpringBoot Tutorial"},{"cover":"/image/cover2.png","description":"Introduce how to build front end with Vue","id":2,"name":"Vue Tutorial"},{"description":"Introduction to programming with Python","id":3,"name":"Python Tutorial"},{"description":"Introduction to mySQL database","id":4,"name":"MySQL Tutorial"},{"description":"Introduction to Oracle","id":5,"name":"Oracle Tutorial"}],"total":5},"success":true}
2022-03-27 20:22:16.281 INFO  com.ameliawiki.wiki.aspect.LogAspect              :78   [32m                  [0;39m ------------- ç»“æŸ è€—æ—¶ï¼š38 ms -------------
2022-03-27 20:22:16.286 INFO  com.ameliawiki.wiki.aspect.LogAspect              :41   [32m                  [0;39m ------------- å¼€å§‹ -------------
2022-03-27 20:22:16.286 INFO  com.ameliawiki.wiki.aspect.LogAspect              :42   [32m                  [0;39m è¯·æ±‚åœ°å€: http://127.0.0.1:8080/ebook/list GET
2022-03-27 20:22:16.286 INFO  com.ameliawiki.wiki.aspect.LogAspect              :43   [32m                  [0;39m ç±»åæ–¹æ³•: com.ameliawiki.wiki.controller.EbookController.list
2022-03-27 20:22:16.286 INFO  com.ameliawiki.wiki.aspect.LogAspect              :44   [32m                  [0;39m è¿œç¨‹åœ°å€: 127.0.0.1
2022-03-27 20:22:16.287 INFO  com.ameliawiki.wiki.aspect.LogAspect              :64   [32m                  [0;39m è¯·æ±‚å‚æ•°: [{"page":1,"size":10}]
2022-03-27 20:22:16.288 DEBUG c.a.wiki.mapper.EbookMapper.selectByExample_COUNT :137  [32m                  [0;39m ==>  Preparing: SELECT count(0) FROM ebook
2022-03-27 20:22:16.288 DEBUG c.a.wiki.mapper.EbookMapper.selectByExample_COUNT :137  [32m                  [0;39m ==> Parameters: 
2022-03-27 20:22:16.289 TRACE c.a.wiki.mapper.EbookMapper.selectByExample_COUNT :143  [32m                  [0;39m <==    Columns: count(0)
2022-03-27 20:22:16.290 TRACE c.a.wiki.mapper.EbookMapper.selectByExample_COUNT :143  [32m                  [0;39m <==        Row: 5
2022-03-27 20:22:16.290 DEBUG c.a.wiki.mapper.EbookMapper.selectByExample_COUNT :137  [32m                  [0;39m <==      Total: 1
2022-03-27 20:22:16.290 DEBUG c.a.wiki.mapper.EbookMapper.selectByExample       :137  [32m                  [0;39m ==>  Preparing: select id, `name`, category1_id, category2_id, description, cover, doc_count, view_count, vote_count from ebook LIMIT ?
2022-03-27 20:22:16.291 DEBUG c.a.wiki.mapper.EbookMapper.selectByExample       :137  [32m                  [0;39m ==> Parameters: 10(Integer)
2022-03-27 20:22:16.292 TRACE c.a.wiki.mapper.EbookMapper.selectByExample       :143  [32m                  [0;39m <==    Columns: id, name, category1_id, category2_id, description, cover, doc_count, view_count, vote_count
2022-03-27 20:22:16.293 TRACE c.a.wiki.mapper.EbookMapper.selectByExample       :143  [32m                  [0;39m <==        Row: 1, SpringBoot Tutorial, 2, 3, Introduce how to create a SpringBoot project, /image/cover1.png, null, null, null
2022-03-27 20:22:16.293 TRACE c.a.wiki.mapper.EbookMapper.selectByExample       :143  [32m                  [0;39m <==        Row: 2, Vue Tutorial, null, null, Introduce how to build front end with Vue, /image/cover2.png, null, null, null
2022-03-27 20:22:16.294 TRACE c.a.wiki.mapper.EbookMapper.selectByExample       :143  [32m                  [0;39m <==        Row: 3, Python Tutorial, null, null, Introduction to programming with Python, null, null, null, null
2022-03-27 20:22:16.294 TRACE c.a.wiki.mapper.EbookMapper.selectByExample       :143  [32m                  [0;39m <==        Row: 4, MySQL Tutorial, null, null, Introduction to mySQL database, null, null, null, null
2022-03-27 20:22:16.295 TRACE c.a.wiki.mapper.EbookMapper.selectByExample       :143  [32m                  [0;39m <==        Row: 5, Oracle Tutorial, null, null, Introduction to Oracle, null, null, null, null
2022-03-27 20:22:16.295 DEBUG c.a.wiki.mapper.EbookMapper.selectByExample       :137  [32m                  [0;39m <==      Total: 5
2022-03-27 20:22:16.296 INFO  com.ameliawiki.wiki.service.EbookService          :42   [32m                  [0;39m total rowsï¼š5
2022-03-27 20:22:16.296 INFO  com.ameliawiki.wiki.service.EbookService          :43   [32m                  [0;39m total pagesï¼š1
2022-03-27 20:22:16.297 INFO  com.ameliawiki.wiki.aspect.LogAspect              :77   [32m                  [0;39m è¿”å›žç»“æžœ: {"content":{"list":[{"category1Id":2,"category2Id":3,"cover":"/image/cover1.png","description":"Introduce how to create a SpringBoot project","id":1,"name":"SpringBoot Tutorial"},{"cover":"/image/cover2.png","description":"Introduce how to build front end with Vue","id":2,"name":"Vue Tutorial"},{"description":"Introduction to programming with Python","id":3,"name":"Python Tutorial"},{"description":"Introduction to mySQL database","id":4,"name":"MySQL Tutorial"},{"description":"Introduction to Oracle","id":5,"name":"Oracle Tutorial"}],"total":5},"success":true}
2022-03-27 20:22:16.297 INFO  com.ameliawiki.wiki.aspect.LogAspect              :78   [32m                  [0;39m ------------- ç»“æŸ è€—æ—¶ï¼š11 ms -------------
2022-03-27 20:22:42.172 INFO  o.s.scheduling.concurrent.ThreadPoolTaskExecutor  :218  [32m                  [0;39m Shutting down ExecutorService 'applicationTaskExecutor'
2022-03-27 20:22:42.174 INFO  com.zaxxer.hikari.HikariDataSource                :350  [32m                  [0;39m HikariPool-1 - Shutdown initiated...
2022-03-27 20:22:42.185 INFO  com.zaxxer.hikari.HikariDataSource                :352  [32m                  [0;39m HikariPool-1 - Shutdown completed.
