2022-01-16 00:05:26.769 INFO  o.s.scheduling.concurrent.ThreadPoolTaskExecutor  :218  [32m                  [0;39m Shutting down ExecutorService 'applicationTaskExecutor'
2022-01-16 00:05:31.904 INFO  com.ameliawiki.wiki.config.WikiApplication        :55   [32m                  [0;39m Starting WikiApplication using Java 17.0.1 on Alexs-MacBook-Pro.local with PID 11187 (/Users/alex/IdeaProjects/wiki/target/classes started by alex in /Users/alex/IdeaProjects/wiki)
2022-01-16 00:05:31.904 INFO  com.ameliawiki.wiki.config.WikiApplication        :660  [32m                  [0;39m No active profile set, falling back to default profiles: default
2022-01-16 00:05:32.057 INFO  o.s.boot.web.embedded.tomcat.TomcatWebServer      :108  [32m                  [0;39m Tomcat initialized with port(s): 8080 (http)
2022-01-16 00:05:32.058 INFO  org.apache.coyote.http11.Http11NioProtocol        :173  [32m                  [0;39m Initializing ProtocolHandler ["http-nio-8080"]
2022-01-16 00:05:32.058 INFO  org.apache.catalina.core.StandardService          :173  [32m                  [0;39m Starting service [Tomcat]
2022-01-16 00:05:32.058 INFO  org.apache.catalina.core.StandardEngine           :173  [32m                  [0;39m Starting Servlet engine: [Apache Tomcat/9.0.39]
2022-01-16 00:05:32.065 INFO  o.a.c.core.ContainerBase.[Tomcat].[localhost].[/] :173  [32m                  [0;39m Initializing Spring embedded WebApplicationContext
2022-01-16 00:05:32.065 INFO  o.s.b.w.s.c.ServletWebServerApplicationContext    :289  [32m                  [0;39m Root WebApplicationContext: initialization completed in 159 ms
2022-01-16 00:05:32.123 INFO  o.s.scheduling.concurrent.ThreadPoolTaskExecutor  :181  [32m                  [0;39m Initializing ExecutorService 'applicationTaskExecutor'
2022-01-16 00:05:32.157 INFO  o.s.b.d.autoconfigure.OptionalLiveReloadServer    :58   [32m                  [0;39m LiveReload server is running on port 35729
2022-01-16 00:05:32.160 INFO  org.apache.coyote.http11.Http11NioProtocol        :173  [32m                  [0;39m Starting ProtocolHandler ["http-nio-8080"]
2022-01-16 00:05:32.162 INFO  o.s.boot.web.embedded.tomcat.TomcatWebServer      :220  [32m                  [0;39m Tomcat started on port(s): 8080 (http) with context path ''
2022-01-16 00:05:32.166 INFO  com.ameliawiki.wiki.config.WikiApplication        :61   [32m                  [0;39m Started WikiApplication in 5.289 seconds (JVM running for 6448.366)
2022-01-16 00:05:32.167 INFO  o.s.b.d.a.ConditionEvaluationDeltaLoggingListener :63   [32m                  [0;39m Condition evaluation unchanged
2022-01-16 00:05:32.167 INFO  com.ameliawiki.wiki.config.WikiApplication        :22   [32m                  [0;39m launch success!!!!!!!!YEA!!!
2022-01-16 00:05:32.167 INFO  com.ameliawiki.wiki.config.WikiApplication        :23   [32m                  [0;39m address: 	http://127.0.0.1:8080
2022-01-16 00:08:32.888 INFO  o.s.scheduling.concurrent.ThreadPoolTaskExecutor  :218  [32m                  [0;39m Shutting down ExecutorService 'applicationTaskExecutor'
2022-01-16 00:08:37.952 INFO  com.ameliawiki.wiki.config.WikiApplication        :55   [32m                  [0;39m Starting WikiApplication using Java 17.0.1 on Alexs-MacBook-Pro.local with PID 11187 (/Users/alex/IdeaProjects/wiki/target/classes started by alex in /Users/alex/IdeaProjects/wiki)
2022-01-16 00:08:37.952 INFO  com.ameliawiki.wiki.config.WikiApplication        :660  [32m                  [0;39m No active profile set, falling back to default profiles: default
2022-01-16 00:08:38.077 INFO  o.s.boot.web.embedded.tomcat.TomcatWebServer      :108  [32m                  [0;39m Tomcat initialized with port(s): 8080 (http)
2022-01-16 00:08:38.078 INFO  org.apache.coyote.http11.Http11NioProtocol        :173  [32m                  [0;39m Initializing ProtocolHandler ["http-nio-8080"]
2022-01-16 00:08:38.078 INFO  org.apache.catalina.core.StandardService          :173  [32m                  [0;39m Starting service [Tomcat]
2022-01-16 00:08:38.078 INFO  org.apache.catalina.core.StandardEngine           :173  [32m                  [0;39m Starting Servlet engine: [Apache Tomcat/9.0.39]
2022-01-16 00:08:38.084 INFO  o.a.c.core.ContainerBase.[Tomcat].[localhost].[/] :173  [32m                  [0;39m Initializing Spring embedded WebApplicationContext
2022-01-16 00:08:38.084 INFO  o.s.b.w.s.c.ServletWebServerApplicationContext    :289  [32m                  [0;39m Root WebApplicationContext: initialization completed in 130 ms
2022-01-16 00:08:38.141 INFO  o.s.scheduling.concurrent.ThreadPoolTaskExecutor  :181  [32m                  [0;39m Initializing ExecutorService 'applicationTaskExecutor'
2022-01-16 00:08:38.165 INFO  o.s.b.d.autoconfigure.OptionalLiveReloadServer    :58   [32m                  [0;39m LiveReload server is running on port 35729
2022-01-16 00:08:38.168 INFO  org.apache.coyote.http11.Http11NioProtocol        :173  [32m                  [0;39m Starting ProtocolHandler ["http-nio-8080"]
2022-01-16 00:08:38.169 INFO  o.s.boot.web.embedded.tomcat.TomcatWebServer      :220  [32m                  [0;39m Tomcat started on port(s): 8080 (http) with context path ''
2022-01-16 00:08:38.172 INFO  com.ameliawiki.wiki.config.WikiApplication        :61   [32m                  [0;39m Started WikiApplication in 5.251 seconds (JVM running for 6634.368)
2022-01-16 00:08:38.173 INFO  o.s.b.d.a.ConditionEvaluationDeltaLoggingListener :63   [32m                  [0;39m Condition evaluation unchanged
2022-01-16 00:08:38.173 INFO  com.ameliawiki.wiki.config.WikiApplication        :22   [32m                  [0;39m launch success!!!!!!!!YEA!!!
2022-01-16 00:08:38.173 INFO  com.ameliawiki.wiki.config.WikiApplication        :23   [32m                  [0;39m address: 	http://127.0.0.1:8080
2022-01-16 00:08:39.634 INFO  o.s.scheduling.concurrent.ThreadPoolTaskExecutor  :218  [32m                  [0;39m Shutting down ExecutorService 'applicationTaskExecutor'
2022-01-16 00:08:39.682 INFO  com.ameliawiki.wiki.config.WikiApplication        :55   [32m                  [0;39m Starting WikiApplication using Java 17.0.1 on Alexs-MacBook-Pro.local with PID 11187 (/Users/alex/IdeaProjects/wiki/target/classes started by alex in /Users/alex/IdeaProjects/wiki)
2022-01-16 00:08:39.682 INFO  com.ameliawiki.wiki.config.WikiApplication        :660  [32m                  [0;39m No active profile set, falling back to default profiles: default
2022-01-16 00:08:39.775 INFO  o.s.boot.web.embedded.tomcat.TomcatWebServer      :108  [32m                  [0;39m Tomcat initialized with port(s): 8080 (http)
2022-01-16 00:08:39.775 INFO  org.apache.coyote.http11.Http11NioProtocol        :173  [32m                  [0;39m Initializing ProtocolHandler ["http-nio-8080"]
2022-01-16 00:08:39.775 INFO  org.apache.catalina.core.StandardService          :173  [32m                  [0;39m Starting service [Tomcat]
2022-01-16 00:08:39.775 INFO  org.apache.catalina.core.StandardEngine           :173  [32m                  [0;39m Starting Servlet engine: [Apache Tomcat/9.0.39]
2022-01-16 00:08:39.780 INFO  o.a.c.core.ContainerBase.[Tomcat].[localhost].[/] :173  [32m                  [0;39m Initializing Spring embedded WebApplicationContext
2022-01-16 00:08:39.780 INFO  o.s.b.w.s.c.ServletWebServerApplicationContext    :289  [32m                  [0;39m Root WebApplicationContext: initialization completed in 97 ms
2022-01-16 00:08:39.829 INFO  o.s.scheduling.concurrent.ThreadPoolTaskExecutor  :181  [32m                  [0;39m Initializing ExecutorService 'applicationTaskExecutor'
2022-01-16 00:08:39.851 INFO  o.s.b.d.autoconfigure.OptionalLiveReloadServer    :58   [32m                  [0;39m LiveReload server is running on port 35729
2022-01-16 00:08:39.855 INFO  org.apache.coyote.http11.Http11NioProtocol        :173  [32m                  [0;39m Starting ProtocolHandler ["http-nio-8080"]
2022-01-16 00:08:39.856 INFO  o.s.boot.web.embedded.tomcat.TomcatWebServer      :220  [32m                  [0;39m Tomcat started on port(s): 8080 (http) with context path ''
2022-01-16 00:08:39.859 INFO  com.ameliawiki.wiki.config.WikiApplication        :61   [32m                  [0;39m Started WikiApplication in 0.192 seconds (JVM running for 6636.056)
2022-01-16 00:08:39.860 INFO  o.s.b.d.a.ConditionEvaluationDeltaLoggingListener :63   [32m                  [0;39m Condition evaluation unchanged
2022-01-16 00:08:39.860 INFO  com.ameliawiki.wiki.config.WikiApplication        :22   [32m                  [0;39m launch success!!!!!!!!YEA!!!
2022-01-16 00:08:39.861 INFO  com.ameliawiki.wiki.config.WikiApplication        :23   [32m                  [0;39m address: 	http://127.0.0.1:8080
